24.12.2019 13:39:53
172.22.1.11
vizir_sfo
viz2.insert_eathquake_data_from_json
usgc; hv71290616; 1; 24.12.2019 13:34:51; 19,227167099999999; -155,4396667; 2,5499999999999998; 31,829999999999998; 57; M 2.6 - 4km ENE of Pahala, Hawaii; usgs-gov; 24.12.2019 13:38:08; 

24.12.2019 13:39:53
172.22.1.11
vizir_sfo
viz2.insert_eathquake_data_from_json
usgc; nc73318771; 1; 24.12.2019 13:33:59; 38,8171654; -122,76349639999999; 3,3300000000000001; 1,8100000000000001; 65; M 3.3 - 4km W of Cobb, CA; usgs-gov; 24.12.2019 13:39:07; 

24.12.2019 13:39:53
172.22.1.11
vizir_sfo
viz2.insert_eathquake_data_from_json
usgc; ok2019zcsz; 1; 24.12.2019 13:14:56; 35,097053529999997; -95,334960940000002; 2,2599999999999998; 5; 17; M 2.3 - 4km SE of Quinton, Oklahoma; usgs-gov; 24.12.2019 13:17:54; 

24.12.2019 13:39:53
172.22.1.11
vizir_sfo
viz2.insert_eathquake_data_from_json
usgc; us70006qg6; 1; 24.12.2019 12:52:56; 7,0933000000000002; 92,432299999999998; 5,0999999999999996; 10; 0; M 5.1 - 137km SW of Mohean, India; usgs-gov; 24.12.2019 13:15:32; 

24.12.2019 13:39:53
172.22.1.11
vizir_sfo
viz2.insert_eathquake_data_from_json
usgc; ci39011591; 1; 24.12.2019 12:05:40; 34,035333299999998; -117,2585; 2,25; 8,9600000000000009; 96; M 2.3 - 2km S of Loma Linda, CA; usgs-gov; 24.12.2019 12:22:44; 

24.12.2019 13:39:53
172.22.1.11
vizir_sfo
viz2.insert_eathquake_data_from_json
usgc; ak019gg54oq0; 1; 24.12.2019 11:59:29; 59,330599999999997; -153,1782; 2; 76,599999999999994; 0; M 2.0 - 90km WSW of Anchor Point, Alaska; usgs-gov; 24.12.2019 12:04:44; 

24.12.2019 13:39:53
172.22.1.11
vizir_sfo
viz2.insert_eathquake_data_from_json
usgc; ok2019zcqk; 1; 24.12.2019 11:57:22; 36,746677400000003; -97,466362000000004; 2,3300000000000001; 0,86777967209999995; 55; M 2.3 - 15km WNW of Tonkawa, Oklahoma; usgs-gov; 24.12.2019 12:28:44; 

24.12.2019 13:39:53
172.22.1.11
vizir_sfo
viz2.insert_eathquake_data_from_json
usgc; hv71290506; 1; 24.12.2019 11:50:43; 19,193832400000002; -155,3883362; 2,21; 31,260000000000002; 31; M 2.2 - 9km E of Pahala, Hawaii; usgs-gov; 24.12.2019 11:54:03; 

24.12.2019 13:39:53
172.22.1.11
vizir_sfo
viz2.insert_eathquake_data_from_json
usgc; hv71290456; 1; 24.12.2019 11:29:12; 19,1875; -155,4421692; 2,1400000000000001; 37,32; 46; M 2.1 - 4km ESE of Pahala, Hawaii; usgs-gov; 24.12.2019 11:32:37; 

24.12.2019 13:39:53
172.22.1.11
vizir_sfo
viz2.insert_eathquake_data_from_json
usgc; ak019gg4wam1; 1; 24.12.2019 11:20:13; 60,4238; -147,74700000000001; 2,2999999999999998; 15,4; 0; M 2.3 - 64km SE of Whittier, Alaska; usgs-gov; 24.12.2019 11:25:45; 

24.12.2019 13:39:53
172.22.1.11
vizir_sfo
viz2.insert_eathquake_data_from_json
usgc; ak019gg4fz89; 1; 24.12.2019 10:44:01; 60,206099999999999; -152,6575; 2,1000000000000001; 23,399999999999999; 0; M 2.1 - 31km S of Redoubt Volcano, Alaska; usgs-gov; 24.12.2019 10:47:37; 

24.12.2019 13:39:53
172.22.1.11
vizir_sfo
viz2.insert_eathquake_data_from_json
usgc; ak019gg4dhi3; 1; 24.12.2019 10:32:38; 60,456400000000002; -147,20480000000001; 2,2999999999999998; 11,699999999999999; 0; M 2.3 - 80km W of Cordova, Alaska; usgs-gov; 24.12.2019 10:37:24; 

24.12.2019 13:39:53
172.22.1.11
vizir_sfo
viz2.insert_eathquake_data_from_json
usgc; hv71290421; 1; 24.12.2019 10:25:02; 19,2110004; -155,4198303; 2,1200000000000001; 31,399999999999999; 44; M 2.1 - 6km E of Pahala, Hawaii; usgs-gov; 24.12.2019 10:28:18; 

24.12.2019 13:39:53
172.22.1.11
vizir_sfo
viz2.insert_eathquake_data_from_json
usgc; us70006qel; 1; 24.12.2019 10:14:47; 54,457799999999999; 159,83240000000001; 4,5; 136,06999999999999; 0; M 4.5 - 170km NNE of Yelizovo, Russia; usgs-gov; 24.12.2019 10:27:49; 

24.12.2019 13:39:53
172.22.1.11
vizir_sfo
viz2.insert_eathquake_data_from_json
usgc; hv71290316; 1; 24.12.2019 9:19:14; 19,938667299999999; -156,07566829999999; 2,52; 11,949999999999999; 24; M 2.5 - 25km NNW of Kalaoa, Hawaii; usgs-gov; 24.12.2019 9:23:28; 

24.12.2019 13:39:53
172.22.1.11
vizir_sfo
viz2.insert_eathquake_data_from_json
usgc; pr2019358002; 1; 24.12.2019 9:13:30; 17,866499999999998; -68,064099999999996; 2,7799999999999998; 26; 6; M 2.8 - 80km SE of Boca de Yuma, Dominican Republic; usgs-gov; 24.12.2019 11:38:33; 

24.12.2019 13:39:53
172.22.1.11
vizir_sfo
viz2.insert_eathquake_data_from_json
usgc; hv71290311; 1; 24.12.2019 9:12:07; 19,225833900000001; -155,42733759999999; 2,0499999999999998; 30,57; 37; M 2.1 - 5km ENE of Pahala, Hawaii; usgs-gov; 24.12.2019 9:15:25; 

24.12.2019 13:39:53
172.22.1.11
vizir_sfo
viz2.insert_eathquake_data_from_json
usgc; us70006qe8; 1; 24.12.2019 8:45:35; 9,5143000000000004; -81,962999999999994; 4,2999999999999998; 10; 0; M 4.3 - 30km NE of Isla Bastimentos, Panama; usgs-gov; 24.12.2019 10:37:53; 

24.12.2019 13:39:53
172.22.1.11
vizir_sfo
viz2.insert_eathquake_data_from_json
usgc; nc73318686; 1; 24.12.2019 7:54:38; 36,674499500000003; -121,29883580000001; 2,9399999999999999; 4,1600000000000001; 52; M 2.9 - 13km S of Tres Pinos, CA; usgs-gov; 24.12.2019 10:30:03; 

24.12.2019 13:39:53
172.22.1.11
vizir_sfo
viz2.insert_eathquake_data_from_json
usgc; us70006qd9; 1; 24.12.2019 7:25:41; 32,598500000000001; -109,1139; 3,2000000000000002; 13,369999999999999; 0; M 3.2 - 46km NW of Lordsburg, New Mexico; usgs-gov; 24.12.2019 7:39:53; 

24.12.2019 13:39:53
172.22.1.11
vizir_sfo
viz2.insert_eathquake_data_from_json
usgc; us70006qdf; 1; 24.12.2019 7:25:11; 10,897500000000001; -86,405699999999996; 4,7000000000000002; 35; 0; M 4.7 - 70km SW of San Juan del Sur, Nicaragua; usgs-gov; 24.12.2019 8:00:18; 

24.12.2019 13:39:53
172.22.1.11
vizir_sfo
viz2.insert_eathquake_data_from_json
usgc; us70006qda; 1; 24.12.2019 7:24:13; 10,902900000000001; -86,453599999999994; 4,5; 35; 0; M 4.5 - 74km WSW of San Juan del Sur, Nicaragua; usgs-gov; 24.12.2019 7:46:36; 

24.12.2019 13:39:53
172.22.1.11
vizir_sfo
viz2.insert_eathquake_data_from_json
usgc; us70006qd5; 1; 24.12.2019 7:19:56; 13,3993; -89,479699999999994; 4,2999999999999998; 78,980000000000004; 0; M 4.3 - 19km WSW of La Libertad, El Salvador; usgs-gov; 24.12.2019 8:55:59; 

24.12.2019 13:39:53
172.22.1.11
vizir_sfo
viz2.insert_eathquake_data_from_json
usgc; pr2019358000; 1; 24.12.2019 7:09:48; 19,177499999999998; -67,247600000000006; 3,21; 24; 7; M 3.2 - 77km NNW of San Antonio, Puerto Rico; usgs-gov; 24.12.2019 11:38:16; 

24.12.2019 13:39:53
172.22.1.11
vizir_sfo
viz2.insert_eathquake_data_from_json
usgc; pr2019358001; 1; 24.12.2019 7:09:00; 17,899999999999999; -66,602999999999994; 2,3900000000000001; 26; 3; M 2.4 - 12km S of Ponce, Puerto Rico; usgs-gov; 24.12.2019 11:38:24; 

24.12.2019 13:39:53
172.22.1.11
vizir_sfo
viz2.insert_eathquake_data_from_json
usgc; pr2019357040; 1; 24.12.2019 6:43:40; 17,928799999999999; -66,593800000000002; 2,27; 15; 7; M 2.3 - 9km SSE of Ponce, Puerto Rico; usgs-gov; 24.12.2019 11:38:06; 

24.12.2019 13:39:53
172.22.1.11
vizir_sfo
viz2.insert_eathquake_data_from_json
usgc; pr2019357039; 1; 24.12.2019 6:41:22; 19,4483; -67,290499999999994; 2,7999999999999998; 25; 3; M 2.8 - 107km N of San Antonio, Puerto Rico; usgs-gov; 24.12.2019 11:37:55; 

24.12.2019 13:39:53
172.22.1.11
vizir_sfo
viz2.insert_eathquake_data_from_json
usgc; us70006qcr; 1; 24.12.2019 6:38:29; 50,722499999999997; -129,68520000000001; 4,7000000000000002; 10; 0; M 4.7 - 160km W of Port Hardy, Canada; usgs-gov; 24.12.2019 8:41:55; 

24.12.2019 13:39:53
172.22.1.11
vizir_sfo
viz2.insert_eathquake_data_from_json
usgc; pr2019357037; 1; 24.12.2019 6:15:44; 19,154499999999999; -67,148099999999999; 3,1200000000000001; 23; 6; M 3.1 - 73km N of Isabela, Puerto Rico; usgs-gov; 24.12.2019 11:37:23; 

24.12.2019 13:39:53
172.22.1.11
vizir_sfo
viz2.insert_eathquake_data_from_json
usgc; us70006qce; 1; 24.12.2019 6:09:46; 14,411899999999999; -91,878900000000002; 4,5; 65,819999999999993; 0; M 4.5 - 13km NNE of Champerico, Guatemala; usgs-gov; 24.12.2019 11:33:43; 

24.12.2019 13:39:53
172.22.1.11
vizir_sfo
viz2.insert_eathquake_data_from_json
usgc; pr2019357036; 1; 24.12.2019 6:06:11; 17,901499999999999; -66,578599999999994; 2,1499999999999999; 13; 5; M 2.2 - 12km SSE of Ponce, Puerto Rico; usgs-gov; 24.12.2019 11:37:12; 

24.12.2019 13:39:53
172.22.1.11
vizir_sfo
viz2.insert_eathquake_data_from_json
usgc; ak019ges9x5k; 1; 24.12.2019 5:53:59; 62,224899999999998; -148,10509999999999; 2,2999999999999998; 22,399999999999999; 0; M 2.3 - 61km NE of Sutton-Alpine, Alaska; usgs-gov; 24.12.2019 6:03:51; 

24.12.2019 13:39:53
172.22.1.11
vizir_sfo
viz2.insert_eathquake_data_from_json
usgc; ak019ges9m38; 1; 24.12.2019 5:52:16; 66,278999999999996; -157,22829999999999; 2,2999999999999998; 0; 0; M 2.3 - 71km SSW of Kobuk, Alaska; usgs-gov; 24.12.2019 6:03:51; 

24.12.2019 13:39:53
172.22.1.11
vizir_sfo
viz2.insert_eathquake_data_from_json
usgc; ak019ges74bc; 1; 24.12.2019 5:40:53; 61,216700000000003; -150,82079999999999; 2,7000000000000002; 51,600000000000001; 0; M 2.7 - 50km W of Anchorage, Alaska; usgs-gov; 24.12.2019 7:42:41; 

24.12.2019 13:39:53
172.22.1.11
vizir_sfo
viz2.insert_eathquake_data_from_json
usgc; uu60355392; 1; 24.12.2019 5:34:08; 41,530833299999998; -110,0486667; 3,1600000000000001; 56,450000000000003; 32; M 3.2 - 30km NE of Lyman, Wyoming; usgs-gov; 24.12.2019 8:27:37; 

24.12.2019 13:39:53
172.22.1.11
vizir_sfo
viz2.insert_eathquake_data_from_json
usgc; ak019ges4p5w; 1; 24.12.2019 5:29:23; 61,855800000000002; -149,91079999999999; 2,2000000000000002; 22,300000000000001; 0; M 2.2 - 13km NNE of Willow, Alaska; usgs-gov; 24.12.2019 5:41:32; 

24.12.2019 13:39:53
172.22.1.11
vizir_sfo
viz2.insert_eathquake_data_from_json
usgc; ak019ges2573; 1; 24.12.2019 5:17:30; 61,856699999999996; -149,91220000000001; 2,5; 22,399999999999999; 0; M 2.5 - 13km NNE of Willow, Alaska; usgs-gov; 24.12.2019 6:06:09; 

24.12.2019 13:39:53
172.22.1.11
vizir_sfo
viz2.insert_eathquake_data_from_json
usgc; us70006qa0; 1; 24.12.2019 4:37:40; 55,777999999999999; 162,1574; 4,7000000000000002; 15,550000000000001; 0; M 4.7 - 53km SSW of Ust'-Kamchatsk Staryy, Russia; usgs-gov; 24.12.2019 5:59:43; 

24.12.2019 13:39:53
172.22.1.11
vizir_sfo
viz2.insert_eathquake_data_from_json
usgc; nc73318601; 1; 24.12.2019 4:24:02; 37,454999999999998; -118,38666670000001; 2,3999999999999999; 8,7200000000000006; 22; M 2.4 - 8km NNE of Dixon Lane-Meadow Creek, CA; usgs-gov; 24.12.2019 7:58:02; 

24.12.2019 13:39:53
172.22.1.11
vizir_sfo
viz2.insert_eathquake_data_from_json
usgc; pr2019357033; 1; 24.12.2019 4:23:14; 18,562000000000001; -66,929500000000004; 2,8100000000000001; 83; 11; M 2.8 - 10km NNW of Camuy, Puerto Rico; usgs-gov; 24.12.2019 5:38:27; 

24.12.2019 13:39:53
172.22.1.11
vizir_sfo
viz2.insert_eathquake_data_from_json
usgc; us70006q9j; 1; 24.12.2019 4:19:41; -7,3727999999999998; 130,07730000000001; 4,5999999999999996; 51,729999999999997; 0; M 4.6 - 150km WNW of Saumlaki, Indonesia; usgs-gov; 24.12.2019 5:29:36; 

24.12.2019 13:39:53
172.22.1.11
vizir_sfo
viz2.insert_eathquake_data_from_json
usgc; pr2019357035; 1; 24.12.2019 4:16:16; 17,907800000000002; -66,562600000000003; 2,1899999999999999; 13; 6; M 2.2 - 11km SW of Potala Pastillo, Puerto Rico; usgs-gov; 24.12.2019 5:04:41; 

24.12.2019 13:39:53
172.22.1.11
vizir_sfo
viz2.insert_eathquake_data_from_json
usgc; pr2019357034; 1; 24.12.2019 4:05:55; 17,581299999999999; -67,302099999999996; 2,6800000000000002; 7; 3; M 2.7 - 45km SSW of Pole Ojea, Puerto Rico; usgs-gov; 24.12.2019 4:50:55; 

24.12.2019 13:39:53
172.22.1.11
vizir_sfo
viz2.insert_eathquake_data_from_json
usgc; us70006q96; 1; 24.12.2019 3:56:23; 50,524900000000002; -129,71190000000001; 6; 10; 0; M 6.0 - 163km W of Port Hardy, Canada; usgs-gov; 24.12.2019 11:59:06; 

24.12.2019 13:39:53
172.22.1.11
vizir_sfo
viz2.insert_eathquake_data_from_json
usgc; ak019ger1pbt; 1; 24.12.2019 3:47:29; 66,3887; -148,51910000000001; 2,2000000000000002; 0; 0; M 2.2 - 121km SE of Coldfoot, Alaska; usgs-gov; 24.12.2019 3:52:48; 

24.12.2019 13:39:53
172.22.1.11
vizir_sfo
viz2.insert_eathquake_data_from_json
usgc; ak019geqi8e3; 1; 24.12.2019 2:56:45; 62,200000000000003; -142,0556; 2,7999999999999998; 5,5; 0; M 2.8 - 135km SSE of Tok, Alaska; usgs-gov; 24.12.2019 3:09:36; 

24.12.2019 13:39:53
172.22.1.11
vizir_sfo
viz2.insert_eathquake_data_from_json
usgc; us70006q8n; 1; 24.12.2019 2:49:43; 50,616900000000001; -129,90899999999999; 6; 10; 0; M 6.0 - 176km W of Port Hardy, Canada; usgs-gov; 24.12.2019 4:55:38; 

24.12.2019 13:39:53
172.22.1.11
vizir_sfo
viz2.insert_eathquake_data_from_json
usgc; us70006q8f; 1; 24.12.2019 2:13:25; 50,5685; -129,82329999999999; 5,7000000000000002; 10; 0; M 5.7 - 170km W of Port Hardy, Canada; usgs-gov; 24.12.2019 10:15:58; 

24.12.2019 13:39:53
172.22.1.11
vizir_sfo
viz2.insert_eathquake_data_from_json
usgc; ci39011223; 1; 24.12.2019 2:00:41; 33,972333300000003; -119,1468333; 2,02; 10,4; 29; M 2.0 - 20km SSE of Port Hueneme, CA; usgs-gov; 24.12.2019 2:43:59; 

24.12.2019 13:39:53
172.22.1.11
vizir_sfo
viz2.insert_eathquake_data_from_json
usgc; ak019gept2hc; 1; 24.12.2019 1:39:05; 61,289000000000001; -151,3408; 2,1000000000000001; 70,700000000000003; 0; M 2.1 - 66km N of Nikiski, Alaska; usgs-gov; 24.12.2019 1:46:26; 

24.12.2019 13:39:53
172.22.1.11
vizir_sfo
viz2.insert_eathquake_data_from_json
usgc; pr2019357032; 1; 24.12.2019 1:12:12; 19,311599999999999; -67,663300000000007; 2,8799999999999999; 41; 6; M 2.9 - 98km NW of San Antonio, Puerto Rico; usgs-gov; 24.12.2019 4:56:48; 

24.12.2019 13:39:53
172.22.1.11
vizir_sfo
viz2.insert_eathquake_data_from_json
usgc; ak019gepah3g; 1; 24.12.2019 0:52:30; 62,659300000000002; -149,69040000000001; 2; 47,700000000000003; 0; M 2.0 - 43km NNE of Talkeetna, Alaska; usgs-gov; 24.12.2019 1:02:36; 

24.12.2019 13:39:53
172.22.1.11
vizir_sfo
viz2.insert_eathquake_data_from_json
usgc; hv71289851; 1; 24.12.2019 0:45:05; 19,1919994; -155,45832820000001; 2,1699999999999999; 35,039999999999999; 50; M 2.2 - 2km ESE of Pahala, Hawaii; usgs-gov; 24.12.2019 0:48:16; 

24.12.2019 13:39:53
172.22.1.11
vizir_sfo
viz2.insert_eathquake_data_from_json
usgc; us70006q7c; 1; 24.12.2019 0:30:47; 55,875999999999998; 161,93039999999999; 4,5999999999999996; 10; 0; M 4.6 - 51km SW of Ust'-Kamchatsk Staryy, Russia; usgs-gov; 24.12.2019 4:34:21; 

24.12.2019 13:39:53
172.22.1.11
vizir_sfo
viz2.insert_eathquake_data_from_json
usgc; ci39011159; 1; 23.12.2019 23:53:16; 33,153500000000001; -116,003; 2,1099999999999999; 7,2699999999999996; 71; M 2.1 - 12km E of Ocotillo Wells, CA; usgs-gov; 24.12.2019 4:41:39; 

24.12.2019 13:39:53
172.22.1.11
vizir_sfo
viz2.insert_eathquake_data_from_json
usgc; nc73318516; 1; 23.12.2019 23:48:45; 36,647666899999997; -121,2596664; 2,6099999999999999; 4,5499999999999998; 34; M 2.6 - 17km NW of Pinnacles, CA; usgs-gov; 24.12.2019 7:23:51; 

24.12.2019 13:39:53
172.22.1.11
vizir_sfo
viz2.insert_eathquake_data_from_json
usgc; pr2019357029; 1; 23.12.2019 23:44:30; 17,623100000000001; -67,357299999999995; 3,1800000000000002; 8; 14; M 3.2 - 47km SSW of Pole Ojea, Puerto Rico; usgs-gov; 24.12.2019 0:20:43; 

24.12.2019 13:39:53
172.22.1.11
vizir_sfo
viz2.insert_eathquake_data_from_json
usgc; us70006q6p; 1; 23.12.2019 23:44:13; 50,546599999999998; -129,76519999999999; 5,2000000000000002; 10; 0; M 5.2 - 166km W of Port Hardy, Canada; usgs-gov; 24.12.2019 7:47:00; 

24.12.2019 13:39:53
172.22.1.11
vizir_sfo
viz2.insert_eathquake_data_from_json
usgc; us70006q6k; 1; 23.12.2019 23:26:04; 55,805399999999999; 162,15870000000001; 4,5999999999999996; 10; 0; M 4.6 - 51km SSW of Ust'-Kamchatsk Staryy, Russia; usgs-gov; 23.12.2019 23:47:02; 

24.12.2019 13:39:53
172.22.1.11
vizir_sfo
viz2.insert_eathquake_data_from_json
usgc; us70006q6f; 1; 23.12.2019 23:19:06; 55,741999999999997; 162,20660000000001; 5,4000000000000004; 12,619999999999999; 0; M 5.4 - 56km SSW of Ust'-Kamchatsk Staryy, Russia; usgs-gov; 24.12.2019 1:22:17; 

24.12.2019 13:39:53
172.22.1.11
vizir_sfo
viz2.insert_eathquake_data_from_json
usgc; ak019geoeai8; 1; 23.12.2019 23:02:14; 61,642600000000002; -151,02109999999999; 2,8999999999999999; 67,599999999999994; 0; M 2.9 - 51km WSW of Willow, Alaska; usgs-gov; 24.12.2019 6:59:50; 

24.12.2019 13:39:53
172.22.1.11
vizir_sfo
viz2.insert_eathquake_data_from_json
usgc; us70006q68; 1; 23.12.2019 22:47:56; 13,7525; -92,820800000000006; 5,7999999999999998; 10; 0; M 5.8 - 107km SW of Ocos, Guatemala; usgs-gov; 24.12.2019 6:14:45; 

24.12.2019 13:39:53
172.22.1.11
vizir_sfo
viz2.insert_eathquake_data_from_json
usgc; ak019genxsmv; 1; 23.12.2019 22:25:17; 62,2316; -152,42779999999999; 2,3999999999999999; 0; 0; M 2.4 - 120km W of Talkeetna, Alaska; usgs-gov; 23.12.2019 22:38:24; 

24.12.2019 13:39:53
172.22.1.11
vizir_sfo
viz2.insert_eathquake_data_from_json
usgc; pr2019357030; 1; 23.12.2019 22:05:32; 18,792100000000001; -67,354600000000005; 2,6899999999999999; 7; 4; M 2.7 - 42km NW of San Antonio, Puerto Rico; usgs-gov; 24.12.2019 1:58:58; 

24.12.2019 13:39:53
172.22.1.11
vizir_sfo
viz2.insert_eathquake_data_from_json
usgc; pr2019357028; 1; 23.12.2019 21:55:29; 19,0123; -68,502300000000005; 3,3599999999999999; 34; 11; M 3.4 - 45km NNE of Punta Cana, Dominican Republic; usgs-gov; 24.12.2019 0:17:03; 

24.12.2019 13:39:53
172.22.1.11
vizir_sfo
viz2.insert_eathquake_data_from_json
usgc; nn00713775; 1; 23.12.2019 21:09:21; 37,196800000000003; -118,4151; 2,3999999999999999; 5,5; 12; M 2.4 - 11km WNW of Big Pine, California; usgs-gov; 24.12.2019 5:12:00; 

24.12.2019 13:39:53
172.22.1.11
vizir_sfo
viz2.insert_eathquake_data_from_json
usgc; ci39011007; 1; 23.12.2019 20:26:47; 34,0968333; -117,6181667; 2,4300000000000002; 11,66; 114; M 2.4 - 3km E of Upland, CA; usgs-gov; 24.12.2019 5:13:47; 

24.12.2019 13:39:53
172.22.1.11
vizir_sfo
viz2.insert_eathquake_data_from_json
usgc; ak019gemocly; 1; 23.12.2019 20:13:13; 53,350299999999997; -167,3142; 3,5; 11,1; 0; M 3.5 - 77km SW of Unalaska, Alaska; usgs-gov; 24.12.2019 4:00:41; 

24.12.2019 13:39:53
172.22.1.11
vizir_sfo
viz2.insert_eathquake_data_from_json
usgc; us70006q52; 1; 23.12.2019 19:39:56; -6,3300999999999998; 142,68010000000001; 4,9000000000000004; 10; 0; M 4.9 - 108km W of Mendi, Papua New Guinea; usgs-gov; 23.12.2019 20:08:13; 

24.12.2019 13:39:53
172.22.1.11
vizir_sfo
viz2.insert_eathquake_data_from_json
usgc; ak019gem7wjg; 1; 23.12.2019 19:36:38; 62,2104; -155,0591; 3; 8,5; 0; M 3.0 - 87km SSE of McGrath, Alaska; usgs-gov; 24.12.2019 3:56:29; 

24.12.2019 13:39:53
172.22.1.11
vizir_sfo
viz2.insert_eathquake_data_from_json
usgc; ak019gem5oaw; 1; 23.12.2019 19:26:01; 59,646700000000003; -154,0797; 3,6000000000000001; 137,69999999999999; 0; M 3.6 - 48km ESE of Old Iliamna, Alaska; usgs-gov; 23.12.2019 19:38:44; 

24.12.2019 13:39:53
172.22.1.11
vizir_sfo
viz2.insert_eathquake_data_from_json
usgc; ak019gem4mzw; 1; 23.12.2019 19:21:17; 62,921399999999998; -151,2183; 3,1000000000000001; 110,59999999999999; 0; M 3.1 - 87km NW of Talkeetna, Alaska; usgs-gov; 24.12.2019 3:49:36; 

24.12.2019 13:39:53
172.22.1.11
vizir_sfo
viz2.insert_eathquake_data_from_json
usgc; hv71289591; 1; 23.12.2019 19:03:21; 19,169332499999999; -155,43432619999999; 2,04; 34,539999999999999; 17; M 2.0 - 6km SE of Pahala, Hawaii; usgs-gov; 23.12.2019 19:06:35; 

24.12.2019 13:39:53
172.22.1.11
vizir_sfo
viz2.insert_eathquake_data_from_json
usgc; pr2019357027; 1; 23.12.2019 18:51:05; 19,313500000000001; -67,275300000000001; 3,02; 37; 7; M 3.0 - 92km NNW of San Antonio, Puerto Rico; usgs-gov; 23.12.2019 23:22:11; 

24.12.2019 13:39:53
172.22.1.11
vizir_sfo
viz2.insert_eathquake_data_from_json
usgc; hv71289556; 1; 23.12.2019 18:32:08; 19,219499599999999; -155,40966800000001; 2,1800000000000002; 34,829999999999998; 27; M 2.2 - 7km ENE of Pahala, Hawaii; usgs-gov; 23.12.2019 18:35:23; 

24.12.2019 13:39:53
172.22.1.11
vizir_sfo
viz2.insert_eathquake_data_from_json
usgc; us70006q4h; 1; 23.12.2019 18:23:28; -28,558599999999998; -71,741200000000006; 4,7999999999999998; 23,149999999999999; 0; M 4.8 - 96km W of Vallenar, Chile; usgs-gov; 23.12.2019 19:06:00; 

24.12.2019 13:39:53
172.22.1.11
vizir_sfo
viz2.insert_eathquake_data_from_json
usgc; pr2019357019; 1; 23.12.2019 18:10:27; 19,265000000000001; -67,212599999999995; 3,02; 30; 3; M 3.0 - 86km NNW of Isabela, Puerto Rico; usgs-gov; 23.12.2019 21:15:26; 

24.12.2019 13:39:53
172.22.1.11
vizir_sfo
viz2.insert_eathquake_data_from_json
usgc; pr2019357020; 1; 23.12.2019 18:05:54; 19,266300000000001; -67,087000000000003; 3,1899999999999999; 36; 5; M 3.2 - 84km N of Isabela, Puerto Rico; usgs-gov; 23.12.2019 21:15:48; 

24.12.2019 13:39:53
172.22.1.11
vizir_sfo
viz2.insert_eathquake_data_from_json
usgc; pr2019357017; 1; 23.12.2019 18:02:48; 19,283000000000001; -67,267099999999999; 3,54; 48; 13; M 3.5 - 89km NNW of San Antonio, Puerto Rico; usgs-gov; 23.12.2019 19:28:07; 

24.12.2019 13:39:53
172.22.1.11
vizir_sfo
viz2.insert_eathquake_data_from_json
usgc; nc73318416; 1; 23.12.2019 17:56:37; 38,7546654; -122,7161636; 2; 1,8100000000000001; 28; M 2.0 - 3km SW of Anderson Springs, CA; usgs-gov; 23.12.2019 18:47:03; 

24.12.2019 13:39:53
172.22.1.11
vizir_sfo
viz2.insert_eathquake_data_from_json
usgc; pr2019357016; 1; 23.12.2019 17:48:42; 19,2501; -67,244600000000005; 3,4399999999999999; 8; 14; M 3.4 - 85km N of San Antonio, Puerto Rico; usgs-gov; 23.12.2019 18:55:53; 

24.12.2019 13:39:53
172.22.1.11
vizir_sfo
viz2.insert_eathquake_data_from_json
usgc; pr2019357015; 1; 23.12.2019 17:43:04; 19,228000000000002; -67,215100000000007; 3,96; 40; 15; M 4.0 - 68km NNW of Isabela, Puerto Rico; usgs-gov; 23.12.2019 19:19:59; 

24.12.2019 13:39:53
172.22.1.11
vizir_sfo
viz2.insert_eathquake_data_from_json
usgc; pr2019357023; 1; 23.12.2019 17:40:50; 19,3383; -67,288499999999999; 2,8100000000000001; 12; 8; M 2.8 - 95km NNW of San Antonio, Puerto Rico; usgs-gov; 23.12.2019 21:13:06; 

24.12.2019 13:39:53
172.22.1.11
vizir_sfo
viz2.insert_eathquake_data_from_json
usgc; pr2019357026; 1; 23.12.2019 17:31:34; 19,315999999999999; -67,111500000000007; 2,9399999999999999; 62; 6; M 2.9 - 90km N of Isabela, Puerto Rico; usgs-gov; 23.12.2019 21:12:08; 

24.12.2019 13:39:53
172.22.1.11
vizir_sfo
viz2.insert_eathquake_data_from_json
usgc; pr2019357025; 1; 23.12.2019 17:30:27; 19,316500000000001; -67,398799999999994; 3; 29; 7; M 3.0 - 96km NNW of San Antonio, Puerto Rico; usgs-gov; 23.12.2019 21:11:03; 

24.12.2019 13:39:53
172.22.1.11
vizir_sfo
viz2.insert_eathquake_data_from_json
usgc; pr2019357024; 1; 23.12.2019 17:27:19; 19,193000000000001; -67,443600000000004; 2,8500000000000001; 77; 3; M 2.9 - 85km NNW of San Antonio, Puerto Rico; usgs-gov; 23.12.2019 20:45:39; 

24.12.2019 13:39:53
172.22.1.11
vizir_sfo
viz2.insert_eathquake_data_from_json
usgc; ak019gekyxbi; 1; 23.12.2019 17:26:56; 66,308300000000003; -157,46719999999999; 2; 0,10000000000000001; 0; M 2.0 - 71km SSW of Kobuk, Alaska; usgs-gov; 23.12.2019 17:36:45; 

24.12.2019 13:39:53
172.22.1.11
vizir_sfo
viz2.insert_eathquake_data_from_json
usgc; pr2019357014; 1; 23.12.2019 17:26:13; 19,248999999999999; -67,349599999999995; 2,9700000000000002; 29; 13; M 3.0 - 87km NNW of San Antonio, Puerto Rico; usgs-gov; 23.12.2019 17:58:51; 

24.12.2019 13:39:53
172.22.1.11
vizir_sfo
viz2.insert_eathquake_data_from_json
usgc; pr2019357022; 1; 23.12.2019 17:06:57; 19,160599999999999; -67,387799999999999; 2,8700000000000001; 52; 4; M 2.9 - 80km NNW of San Antonio, Puerto Rico; usgs-gov; 23.12.2019 20:45:20; 

24.12.2019 13:39:53
172.22.1.11
vizir_sfo
viz2.insert_eathquake_data_from_json
usgc; ak019gekiuvd; 1; 23.12.2019 16:51:52; 56,314700000000002; -152,02279999999999; 3; 10; 0; M 3.0 - 165km S of Kodiak, Alaska; usgs-gov; 24.12.2019 3:44:54; 

24.12.2019 13:39:53
172.22.1.11
vizir_sfo
viz2.insert_eathquake_data_from_json
usgc; pr2019357021; 1; 23.12.2019 16:47:43; 19,355599999999999; -67,255099999999999; 2,54; 17; 4; M 2.5 - 96km N of San Antonio, Puerto Rico; usgs-gov; 23.12.2019 20:45:04; 

24.12.2019 13:39:53
172.22.1.11
vizir_sfo
viz2.insert_eathquake_data_from_json
usgc; pr2019357013; 1; 23.12.2019 16:12:30; 19,350100000000001; -67,248000000000005; 3,3599999999999999; 25; 12; M 3.4 - 96km NNW of Isabela, Puerto Rico; usgs-gov; 23.12.2019 16:38:29; 

24.12.2019 13:39:53
172.22.1.11
vizir_sfo
viz2.insert_eathquake_data_from_json
usgc; ak019gek9eq2; 1; 23.12.2019 16:07:51; 61,310400000000001; -146,9066; 2; 24,899999999999999; 0; M 2.0 - 36km NW of Valdez, Alaska; usgs-gov; 23.12.2019 16:14:28; 

24.12.2019 13:39:53
172.22.1.11
vizir_sfo
viz2.insert_eathquake_data_from_json
usgc; us70006q3r; 1; 23.12.2019 15:24:04; -20,9011; -178,73009999999999; 4,7000000000000002; 600,10000000000002; 0; M 4.7 - 27km S of Ndoi Island, Fiji; usgs-gov; 23.12.2019 15:53:29; 

24.12.2019 13:39:53
172.22.1.11
vizir_sfo
viz2.insert_eathquake_data_from_json
usgc; pr2019357018; 1; 23.12.2019 14:39:53; 19,110499999999998; -67,620999999999995; 2,8599999999999999; 25; 7; M 2.9 - 87km NW of San Antonio, Puerto Rico; usgs-gov; 23.12.2019 19:46:41; 

24.12.2019 13:39:53
172.22.1.11
vizir_sfo
viz2.insert_eathquake_data_from_json
usgc; ak019gej6qdx; 1; 23.12.2019 14:27:06; 61,484000000000002; -149,88939999999999; 2,1000000000000001; 30,899999999999999; 0; M 2.1 - 5km SE of Big Lake, Alaska; usgs-gov; 23.12.2019 14:39:16; 

24.12.2019 13:39:53
172.22.1.11
vizir_sfo
viz2.insert_eathquake_data_from_json
usgc; us70006q3a; 1; 23.12.2019 14:11:45; 54,652999999999999; -161,04849999999999; 4,0999999999999996; 35; 0; M 4.1 - 83km SSW of Sand Point, Alaska; usgs-gov; 24.12.2019 9:28:37; 

24.12.2019 13:39:53
172.22.1.11
vizir_sfo
viz2.insert_eathquake_data_from_json
usgc; ak019gej16e4; 1; 23.12.2019 14:01:15; 60,038800000000002; -152,35400000000001; 2,2000000000000002; 68,099999999999994; 0; M 2.2 - 41km NW of Anchor Point, Alaska; usgs-gov; 23.12.2019 14:06:58; 

24.12.2019 13:39:53
172.22.1.11
vizir_sfo
viz2.insert_eathquake_data_from_json
usgc; ak019geiqb0x; 1; 23.12.2019 13:50:42; 62,365600000000001; -149,3117; 2; 40,799999999999997; 0; M 2.0 - 36km NE of Y, Alaska; usgs-gov; 23.12.2019 13:58:05; 

24.12.2019 13:39:53
172.22.1.11
vizir_sfo
viz2.insert_eathquake_data_from_json
usgc; ak019geiou1s; 1; 23.12.2019 13:43:55; 62,047600000000003; -148,3554; 2,5; 26,899999999999999; 0; M 2.5 - 38km NE of Sutton-Alpine, Alaska; usgs-gov; 23.12.2019 13:48:32; 

24.12.2019 13:39:53
172.22.1.11
vizir_sfo
viz2.insert_eathquake_data_from_json
usgc; pr2019357012; 1; 23.12.2019 13:43:26; 19,207100000000001; -67,584800000000001; 2,7000000000000002; 29; 3; M 2.7 - 94km NNW of San Antonio, Puerto Rico; usgs-gov; 23.12.2019 17:05:30; 

24.12.2019 13:39:53
172.22.1.11
vizir_sfo
viz2.insert_eathquake_data_from_json
usgc; hv71289266; 1; 23.12.2019 13:41:31; 19,514165899999998; -155,6660004; 2,8100000000000001; 3,9500000000000002; 52; M 2.8 - 21km ENE of Honaunau-Napoopoo, Hawaii; usgs-gov; 23.12.2019 14:31:19; 

24.12.2019 13:39:53
172.22.1.11
vizir_sfo
viz2.insert_eathquake_data_from_json
usgc; us70006q2n; 1; 23.12.2019 13:33:40; 11,532; 141,70070000000001; 5,7999999999999998; 46,619999999999997; 0; M 5.8 - 234km NNE of Fais, Micronesia; usgs-gov; 24.12.2019 13:35:40; 

24.12.2019 13:39:53
172.22.1.11
vizir_sfo
viz2.insert_eathquake_data_from_json
usgc; pr2019357011; 1; 23.12.2019 13:01:54; 18,612500000000001; -67,153000000000006; 2,23; 71; 5; M 2.2 - 14km NNW of San Antonio, Puerto Rico; usgs-gov; 23.12.2019 17:05:12; 

24.12.2019 13:39:53
172.22.1.11
vizir_sfo
viz2.insert_eathquake_data_from_json
usgc; pr2019357010; 1; 23.12.2019 12:56:22; 19,0321; -67,172499999999999; 2,4100000000000001; 75; 4; M 2.4 - 60km NNW of Isabela, Puerto Rico; usgs-gov; 23.12.2019 17:04:51; 

24.12.2019 13:39:53
172.22.1.11
vizir_sfo
viz2.insert_eathquake_data_from_json
usgc; pr2019357009; 1; 23.12.2019 12:41:52; 18,856000000000002; -67,348600000000005; 2,52; 46; 3; M 2.5 - 48km NNW of San Antonio, Puerto Rico; usgs-gov; 23.12.2019 17:04:33; 

24.12.2019 13:39:53
172.22.1.11
vizir_sfo
viz2.insert_eathquake_data_from_json
usgc; pr2019357008; 1; 23.12.2019 12:39:57; 19,244299999999999; -67,142300000000006; 2,79; 43; 3; M 2.8 - 83km N of Isabela, Puerto Rico; usgs-gov; 23.12.2019 17:04:19; 

24.12.2019 13:39:53
172.22.1.11
vizir_sfo
viz2.insert_eathquake_data_from_json
usgc; nc73318346; 1; 23.12.2019 11:18:03; 37,459835099999999; -118,80416870000001; 2,7400000000000002; 3,6299999999999999; 29; M 2.7 - 16km SW of Toms Place, CA; usgs-gov; 23.12.2019 23:14:00; 

24.12.2019 13:39:53
172.22.1.11
vizir_sfo
viz2.insert_eathquake_data_from_json
usgc; nc73318331; 1; 23.12.2019 10:58:43; 38,841835000000003; -122,8766632; 2,3300000000000001; 2,5499999999999998; 43; M 2.3 - 13km NW of The Geysers, CA; usgs-gov; 23.12.2019 11:45:03; 

24.12.2019 13:39:53
172.22.1.11
vizir_sfo
viz2.insert_eathquake_data_from_json
usgc; ak019gegzh7t; 1; 23.12.2019 10:57:29; 59,170200000000001; -152,83519999999999; 2,2999999999999998; 83,799999999999997; 0; M 2.3 - 88km SW of Anchor Point, Alaska; usgs-gov; 23.12.2019 11:48:46; 

24.12.2019 13:39:53
172.22.1.11
vizir_sfo
viz2.insert_eathquake_data_from_json
usgc; pr2019357007; 1; 23.12.2019 10:55:13; 18,820499999999999; -65,242099999999994; 3,02; 25; 9; M 3.0 - 57km N of Culebra, Puerto Rico; usgs-gov; 23.12.2019 17:04:05; 

24.12.2019 13:39:53
172.22.1.11
vizir_sfo
viz2.insert_eathquake_data_from_json
usgc; ci39010623; 1; 23.12.2019 10:10:39; 35,584000000000003; -117,3788333; 2,3500000000000001; 6,3899999999999997; 34; M 2.4 - 20km S of Trona, CA; usgs-gov; 23.12.2019 10:21:31; 

24.12.2019 13:39:53
172.22.1.11
vizir_sfo
viz2.insert_eathquake_data_from_json
usgc; ak019gegp0d6; 1; 23.12.2019 10:08:45; 57,176000000000002; -155,29730000000001; 2,2999999999999998; 36,600000000000001; 0; M 2.3 - 89km WSW of Larsen Bay, Alaska; usgs-gov; 23.12.2019 10:11:14; 

24.12.2019 13:39:53
172.22.1.11
vizir_sfo
viz2.insert_eathquake_data_from_json
usgc; hv71289091; 1; 23.12.2019 10:06:48; 19,179500600000001; -155,4533386; 2,3199999999999998; 36,270000000000003; 48; M 2.3 - 4km SE of Pahala, Hawaii; usgs-gov; 23.12.2019 10:09:54; 

24.12.2019 13:39:53
172.22.1.11
vizir_sfo
viz2.insert_eathquake_data_from_json
usgc; us70006q18; 1; 23.12.2019 9:51:05; 13,8238; -90,042900000000003; 4; 104,79000000000001; 0; M 4.0 - 3km SW of San Francisco Menendez, El Salvador; usgs-gov; 23.12.2019 10:34:27; 

24.12.2019 13:39:53
172.22.1.11
vizir_sfo
viz2.insert_eathquake_data_from_json
usgc; pr2019357005; 1; 23.12.2019 9:44:46; 19,1785; -66,777299999999997; 2,73; 27; 3; M 2.7 - 76km N of Hatillo, Puerto Rico; usgs-gov; 23.12.2019 23:14:04; 

24.12.2019 13:39:53
172.22.1.11
vizir_sfo
viz2.insert_eathquake_data_from_json
usgc; ak019geg74x7; 1; 23.12.2019 9:25:07; 59,257599999999996; -152,70050000000001; 2,7999999999999998; 59,799999999999997; 0; M 2.8 - 75km SW of Anchor Point, Alaska; usgs-gov; 23.12.2019 10:01:07; 

24.12.2019 13:39:53
172.22.1.11
vizir_sfo
viz2.insert_eathquake_data_from_json
usgc; us70006q0y; 1; 23.12.2019 9:21:32; -21,888100000000001; -67,504000000000005; 4; 227,36000000000001; 0; M 4.0 - 135km NNE of San Pedro de Atacama, Chile; usgs-gov; 23.12.2019 9:52:47; 

24.12.2019 13:39:53
172.22.1.11
vizir_sfo
viz2.insert_eathquake_data_from_json
usgc; us70006q0w; 1; 23.12.2019 9:07:07; 69,8249; -144,47210000000001; 2,7999999999999998; 21,48; 0; M 2.8 - 47km SW of Kaktovik, Alaska; usgs-gov; 23.12.2019 9:31:56; 

24.12.2019 13:39:53
172.22.1.11
vizir_sfo
viz2.insert_eathquake_data_from_json
usgc; pr2019357004; 1; 23.12.2019 8:48:27; 19,240600000000001; -67,082599999999999; 2,7799999999999998; 28; 3; M 2.8 - 82km N of Isabela, Puerto Rico; usgs-gov; 23.12.2019 11:36:47; 

24.12.2019 13:39:53
172.22.1.11
vizir_sfo
viz2.insert_eathquake_data_from_json
usgc; pr2019357003; 1; 23.12.2019 8:13:31; 19,344000000000001; -67,170100000000005; 2,6499999999999999; 28; 3; M 2.7 - 94km N of Isabela, Puerto Rico; usgs-gov; 23.12.2019 11:36:32; 

24.12.2019 13:39:53
172.22.1.11
vizir_sfo
viz2.insert_eathquake_data_from_json
usgc; pr2019357002; 1; 23.12.2019 8:10:49; 19,1478; -67,158600000000007; 2,75; 39; 3; M 2.8 - 72km N of San Antonio, Puerto Rico; usgs-gov; 23.12.2019 11:36:14; 

24.12.2019 13:39:53
172.22.1.11
vizir_sfo
viz2.insert_eathquake_data_from_json
usgc; us70006q0q; 1; 23.12.2019 8:06:45; -10,495900000000001; 165,6114; 4,5; 90,469999999999999; 0; M 4.5 - 34km NW of Lata, Solomon Islands; usgs-gov; 23.12.2019 8:36:23; 

24.12.2019 13:39:53
172.22.1.11
vizir_sfo
viz2.insert_eathquake_data_from_json
usgc; pr2019357001; 1; 23.12.2019 7:53:25; 19,154299999999999; -67,792599999999993; 2,9199999999999999; 26; 12; M 2.9 - 91km NE of Punta Cana, Dominican Republic; usgs-gov; 23.12.2019 11:52:38; 

24.12.2019 13:39:53
172.22.1.11
vizir_sfo
viz2.insert_eathquake_data_from_json
usgc; pr2019357000; 1; 23.12.2019 7:48:45; 18,952999999999999; -67,683000000000007; 3,2200000000000002; 23; 10; M 3.2 - 78km NW of San Antonio, Puerto Rico; usgs-gov; 23.12.2019 11:47:17; 

24.12.2019 13:39:53
172.22.1.11
vizir_sfo
viz2.insert_eathquake_data_from_json
usgc; ci39010447; 1; 23.12.2019 7:39:24; 35,039333300000003; -117,6706667; 2,1000000000000001; 0,28999999999999998; 26; M 2.1 Quarry Blast - 5km NNW of Boron, CA; usgs-gov; 23.12.2019 7:43:34; 

24.12.2019 13:39:53
172.22.1.11
vizir_sfo
viz2.insert_eathquake_data_from_json
usgc; ak019geewwng; 1; 23.12.2019 7:09:33; 67,788399999999996; -160,405; 2; 0; 0; M 2.0 - 111km ENE of Noatak, Alaska; usgs-gov; 23.12.2019 7:20:45; 

24.12.2019 13:39:53
172.22.1.11
vizir_sfo
viz2.insert_eathquake_data_from_json
usgc; us70006q00; 1; 23.12.2019 7:02:55; 51,343000000000004; 177,16059999999999; 4,4000000000000004; 39,350000000000001; 0; M 4.4 - 89km SSW of Kiska Volcano, Alaska; usgs-gov; 24.12.2019 3:04:44; 

