30.12.2019 10:53:53
172.22.1.11
vizir_sfo
viz2.insert_eathquake_data_from_json
usgc; pr2019362025; 1; 29.12.2019 6:35:59; 17,903500000000001; -66,848299999999995; 3,6499999999999999; 6; 14; M 3.7 - 11km S of Indios, Puerto Rico; usgs-gov; 30.12.2019 0:08:35; 

30.12.2019 10:53:53
172.22.1.11
vizir_sfo
viz2.insert_eathquake_data_from_json
usgc; ak019gn2fxbs; 1; 29.12.2019 6:34:14; 57,585700000000003; -155,9316; 2; 13,800000000000001; 0; M 2.0 - 116km W of Larsen Bay, Alaska; usgs-gov; 29.12.2019 6:40:16; 

30.12.2019 10:53:53
172.22.1.11
vizir_sfo
viz2.insert_eathquake_data_from_json
usgc; pr2019362028; 1; 29.12.2019 6:25:35; 17,9255; -66,863799999999998; 2,7200000000000002; 6; 10; M 2.7 - 6km SE of Guanica, Puerto Rico; usgs-gov; 29.12.2019 11:24:56; 

30.12.2019 10:53:53
172.22.1.11
vizir_sfo
viz2.insert_eathquake_data_from_json
usgc; pr2019362030; 1; 29.12.2019 6:24:22; 17,9358; -66,863799999999998; 2,1299999999999999; 8; 4; M 2.1 - 5km SSE of Maria Antonia, Puerto Rico; usgs-gov; 29.12.2019 17:11:02; 

30.12.2019 10:53:53
172.22.1.11
vizir_sfo
viz2.insert_eathquake_data_from_json
usgc; pr2019362027; 1; 29.12.2019 6:18:23; 17,944299999999998; -66,874499999999998; 2,6299999999999999; 7; 9; M 2.6 - 4km SE of Guanica, Puerto Rico; usgs-gov; 29.12.2019 11:25:12; 

30.12.2019 10:53:53
172.22.1.11
vizir_sfo
viz2.insert_eathquake_data_from_json
usgc; pr2019362038; 1; 29.12.2019 6:12:17; 17,910799999999998; -66,842500000000001; 2,3999999999999999; 6; 5; M 2.4 - 8km SSE of Maria Antonia, Puerto Rico; usgs-gov; 29.12.2019 18:52:56; 

30.12.2019 10:53:53
172.22.1.11
vizir_sfo
viz2.insert_eathquake_data_from_json
usgc; pr2019362035; 1; 29.12.2019 5:57:43; 17,924299999999999; -66,847499999999997; 2,0699999999999998; 7; 4; M 2.1 - 7km SE of Maria Antonia, Puerto Rico; usgs-gov; 29.12.2019 18:48:18; 

30.12.2019 10:53:53
172.22.1.11
vizir_sfo
viz2.insert_eathquake_data_from_json
usgc; pr2019362034; 1; 29.12.2019 5:50:54; 17,9026; -66,861999999999995; 2,1000000000000001; 5; 3; M 2.1 - 8km SSE of Maria Antonia, Puerto Rico; usgs-gov; 29.12.2019 18:46:58; 

30.12.2019 10:53:53
172.22.1.11
vizir_sfo
viz2.insert_eathquake_data_from_json
usgc; us70006s0k; 1; 29.12.2019 5:49:16; -30,3842; -177,60749999999999; 5,0999999999999996; 10; 0; M 5.1 - 127km SSE of Raoul Island, New Zealand; usgs-gov; 29.12.2019 6:28:54; 

30.12.2019 10:53:53
172.22.1.11
vizir_sfo
viz2.insert_eathquake_data_from_json
usgc; pr2019362026; 1; 29.12.2019 5:46:26; 17,9146; -66,852000000000004; 2,9500000000000002; 7; 14; M 3.0 - 10km SSE of Guanica, Puerto Rico; usgs-gov; 29.12.2019 11:22:40; 

30.12.2019 10:53:53
172.22.1.11
vizir_sfo
viz2.insert_eathquake_data_from_json
usgc; pr2019362036; 1; 29.12.2019 5:41:28; 17,930499999999999; -66,857600000000005; 2,23; 7; 12; M 2.2 - 6km SSE of Maria Antonia, Puerto Rico; usgs-gov; 29.12.2019 19:01:47; 

30.12.2019 10:53:53
172.22.1.11
vizir_sfo
viz2.insert_eathquake_data_from_json
usgc; us70006s0c; 1; 29.12.2019 5:40:02; -33,077599999999997; -70,234899999999996; 4,4000000000000004; 111,86; 0; M 4.4 - 43km SE of Los Andes, Chile; usgs-gov; 29.12.2019 12:10:26; 

30.12.2019 10:53:53
172.22.1.11
vizir_sfo
viz2.insert_eathquake_data_from_json
usgc; pr2019362029; 1; 29.12.2019 5:37:20; 17,8916; -66,853499999999997; 2,3799999999999999; 5; 6; M 2.4 - 10km SSE of Guanica, Puerto Rico; usgs-gov; 29.12.2019 19:01:31; 

30.12.2019 10:53:53
172.22.1.11
vizir_sfo
viz2.insert_eathquake_data_from_json
usgc; pr2019362024; 1; 29.12.2019 5:35:37; 17,937100000000001; -66,866100000000003; 4,7000000000000002; 6; 17; M 4.7 - 5km SE of Guanica, Puerto Rico; usgs-gov; 29.12.2019 8:02:28; 

30.12.2019 10:53:53
172.22.1.11
vizir_sfo
viz2.insert_eathquake_data_from_json
usgc; us70006s04; 1; 29.12.2019 5:29:38; 39,014000000000003; 74,802000000000007; 4,5; 10; 0; M 4.5 - 107km E of Karakul, Tajikistan; usgs-gov; 29.12.2019 12:39:57; 

30.12.2019 10:53:53
172.22.1.11
vizir_sfo
viz2.insert_eathquake_data_from_json
usgc; nm60271807; 1; 29.12.2019 5:24:16; 36,044333299999998; -89,837333299999997; 2,3100000000000001; 7,9299999999999997; 21; M 2.3 - 4km S of Steele, Missouri; usgs-gov; 29.12.2019 21:28:38; 

30.12.2019 10:53:53
172.22.1.11
vizir_sfo
viz2.insert_eathquake_data_from_json
usgc; us70006s00; 1; 29.12.2019 5:16:04; 69,131600000000006; -144,69059999999999; 2,7000000000000002; 1,51; 0; M 2.7 - 117km NNE of Arctic Village, Alaska; usgs-gov; 29.12.2019 10:35:29; 

30.12.2019 10:53:53
172.22.1.11
vizir_sfo
viz2.insert_eathquake_data_from_json
usgc; pr2019362023; 1; 29.12.2019 4:52:50; 19,176600000000001; -67,204300000000003; 3,0899999999999999; 24; 4; M 3.1 - 76km N of San Antonio, Puerto Rico; usgs-gov; 29.12.2019 10:59:52; 

30.12.2019 10:53:53
172.22.1.11
vizir_sfo
viz2.insert_eathquake_data_from_json
usgc; us70006rzm; 1; 29.12.2019 4:34:07; 38,281999999999996; 23,398399999999999; 4,2000000000000002; 19,350000000000001; 0; M 4.2 - 8km SE of Thivai, Greece; usgs-gov; 29.12.2019 17:22:31; 

30.12.2019 10:53:53
172.22.1.11
vizir_sfo
viz2.insert_eathquake_data_from_json
usgc; hv71306677; 1; 29.12.2019 4:34:05; 18,8486671; -155,22349550000001; 2,5800000000000001; 9,0800000000000001; 28; M 2.6 - 47km SE of Pahala, Hawaii; usgs-gov; 29.12.2019 10:42:01; 

30.12.2019 10:53:53
172.22.1.11
vizir_sfo
viz2.insert_eathquake_data_from_json
usgc; us70006rzq; 1; 29.12.2019 4:00:26; -19,527999999999999; -177,77719999999999; 4,2000000000000002; 405,58999999999997; 0; M 4.2 - 157km NE of Ndoi Island, Fiji; usgs-gov; 29.12.2019 5:39:54; 

30.12.2019 10:53:53
172.22.1.11
vizir_sfo
viz2.insert_eathquake_data_from_json
usgc; us70006rz1; 1; 29.12.2019 3:07:32; 41,997500000000002; -126,16549999999999; 2,7000000000000002; 10; 0; M 2.7 - 151km WSW of Gold Beach, Oregon; usgs-gov; 29.12.2019 5:18:27; 

30.12.2019 10:53:53
172.22.1.11
vizir_sfo
viz2.insert_eathquake_data_from_json
usgc; pr2019362021; 1; 29.12.2019 2:52:09; 19,330100000000002; -64,887600000000006; 3,6299999999999999; 33; 10; M 3.6 - 101km N of Road Town, British Virgin Islands; usgs-gov; 29.12.2019 12:25:51; 

30.12.2019 10:53:53
172.22.1.11
vizir_sfo
viz2.insert_eathquake_data_from_json
usgc; pr2019362018; 1; 29.12.2019 2:00:26; 17,8825; -66,586100000000002; 2,7599999999999998; 8; 14; M 2.8 - 16km SSW of Potala Pastillo, Puerto Rico; usgs-gov; 29.12.2019 6:37:16; 

30.12.2019 10:53:53
172.22.1.11
vizir_sfo
viz2.insert_eathquake_data_from_json
usgc; pr2019362017; 1; 29.12.2019 1:53:19; 19,117999999999999; -67,947999999999993; 3,2400000000000002; 26; 13; M 3.2 - 85km NE of Punta Cana, Dominican Republic; usgs-gov; 29.12.2019 4:40:06; 

30.12.2019 10:53:53
172.22.1.11
vizir_sfo
viz2.insert_eathquake_data_from_json
usgc; us70006rye; 1; 29.12.2019 1:49:56; -21,764199999999999; 173,40620000000001; 4,7999999999999998; 52,090000000000003; 0; M 4.8 - 121km W of Ceva-i-Ra, Fiji; usgs-gov; 29.12.2019 2:08:09; 

30.12.2019 10:53:53
172.22.1.11
vizir_sfo
viz2.insert_eathquake_data_from_json
usgc; us70006ryi; 1; 29.12.2019 1:47:12; -21,757100000000001; 173,53270000000001; 4,4000000000000004; 36,020000000000003; 0; M 4.4 - 108km W of Ceva-i-Ra, Fiji; usgs-gov; 29.12.2019 2:21:21; 

30.12.2019 10:53:53
172.22.1.11
vizir_sfo
viz2.insert_eathquake_data_from_json
usgc; us70006ry8; 1; 29.12.2019 1:25:44; 1,4476; 128,55529999999999; 5; 59,310000000000002; 0; M 5.0 - 68km ESE of Tobelo, Indonesia; usgs-gov; 29.12.2019 1:44:48; 

30.12.2019 10:53:53
172.22.1.11
vizir_sfo
viz2.insert_eathquake_data_from_json
usgc; ak019gmzb7az; 1; 29.12.2019 1:08:24; 59,9786; -152,69159999999999; 2,2999999999999998; 102,7; 0; M 2.3 - 53km WNW of Anchor Point, Alaska; usgs-gov; 29.12.2019 1:20:00; 

30.12.2019 10:53:53
172.22.1.11
vizir_sfo
viz2.insert_eathquake_data_from_json
usgc; ci39015759; 1; 29.12.2019 0:23:32; 33,926998099999999; -117,8713303; 3,29; 7,75; 134; M 3.3 - 3km ENE of Brea, CA; usgs-gov; 30.12.2019 9:09:38; 

30.12.2019 10:53:53
172.22.1.11
vizir_sfo
viz2.insert_eathquake_data_from_json
usgc; pr2019362016; 1; 29.12.2019 0:12:44; 17,8995; -66,588499999999996; 2,6899999999999999; 12; 13; M 2.7 - 12km SW of Potala Pastillo, Puerto Rico; usgs-gov; 29.12.2019 2:40:29; 

30.12.2019 10:53:53
172.22.1.11
vizir_sfo
viz2.insert_eathquake_data_from_json
usgc; nc73320771; 1; 29.12.2019 0:02:22; 36,027999899999998; -121,0780029; 2; 13,34; 17; M 2.0 - 12km SSW of San Lucas, CA; usgs-gov; 29.12.2019 1:36:02; 

30.12.2019 10:53:53
172.22.1.11
vizir_sfo
viz2.insert_eathquake_data_from_json
usgc; us70006rx3; 1; 28.12.2019 22:36:38; 43,318300000000001; -127,0085; 3; 10; 0; M 3.0 - 212km W of Bandon, Oregon; usgs-gov; 29.12.2019 0:11:15; 

30.12.2019 10:53:53
172.22.1.11
vizir_sfo
viz2.insert_eathquake_data_from_json
usgc; us70006rx5; 1; 28.12.2019 22:36:35; -44,565300000000001; 37,087000000000003; 5,5; 10; 0; M 5.5 - 265km NNW of Marion Island, Prince Edward Islands; usgs-gov; 29.12.2019 22:38:31; 

30.12.2019 10:53:53
172.22.1.11
vizir_sfo
viz2.insert_eathquake_data_from_json
usgc; ak019gmxnu5k; 1; 28.12.2019 22:31:26; 51,737299999999998; -179,74770000000001; 3,8999999999999999; 96,200000000000003; 0; M 3.9 - 50km ESE of Semisopochnoi Island, Alaska; usgs-gov; 29.12.2019 6:42:57; 

30.12.2019 10:53:53
172.22.1.11
vizir_sfo
viz2.insert_eathquake_data_from_json
usgc; pr2019362019; 1; 28.12.2019 22:15:47; 17,803999999999998; -67,045000000000002; 2,2200000000000002; 27; 6; M 2.2 - 18km S of La Parguera, Puerto Rico; usgs-gov; 29.12.2019 3:10:44; 

30.12.2019 10:53:53
172.22.1.11
vizir_sfo
viz2.insert_eathquake_data_from_json
usgc; ak019gmx0nko; 1; 28.12.2019 21:23:10; 63,003999999999998; -149,89699999999999; 2,2000000000000002; 78,400000000000006; 0; M 2.2 - 64km SW of Cantwell, Alaska; usgs-gov; 28.12.2019 21:35:35; 

30.12.2019 10:53:53
172.22.1.11
vizir_sfo
viz2.insert_eathquake_data_from_json
usgc; pr2019362013; 1; 28.12.2019 21:21:24; 17,884599999999999; -66,578500000000005; 2,3700000000000001; 11; 5; M 2.4 - 14km SSE of Ponce, Puerto Rico; usgs-gov; 28.12.2019 23:38:08; 

30.12.2019 10:53:53
172.22.1.11
vizir_sfo
viz2.insert_eathquake_data_from_json
usgc; ak019gmwfvqg; 1; 28.12.2019 20:26:01; 56,432200000000002; -148,74430000000001; 3; 10; 0; M 3.0 - 268km ESE of Kodiak, Alaska; usgs-gov; 29.12.2019 6:36:54; 

30.12.2019 10:53:53
172.22.1.11
vizir_sfo
viz2.insert_eathquake_data_from_json
usgc; pr2019362011; 1; 28.12.2019 19:45:36; 17,9101; -66,614999999999995; 2,1400000000000001; 8; 3; M 2.1 - 11km S of Ponce, Puerto Rico; usgs-gov; 28.12.2019 23:37:29; 

30.12.2019 10:53:53
172.22.1.11
vizir_sfo
viz2.insert_eathquake_data_from_json
usgc; ci39015615; 1; 28.12.2019 19:36:41; 35,5981667; -117,4043333; 2,0099999999999998; 6,0499999999999998; 29; M 2.0 - 19km S of Trona, CA; usgs-gov; 28.12.2019 19:40:33; 

30.12.2019 10:53:53
172.22.1.11
vizir_sfo
viz2.insert_eathquake_data_from_json
usgc; pr2019362008; 1; 28.12.2019 19:33:41; 17,880600000000001; -66,574600000000004; 2,0099999999999998; 7; 13; M 2.0 - 14km SW of Potala Pastillo, Puerto Rico; usgs-gov; 28.12.2019 23:36:49; 

30.12.2019 10:53:53
172.22.1.11
vizir_sfo
viz2.insert_eathquake_data_from_json
usgc; pr2019362007; 1; 28.12.2019 19:32:09; 17,891100000000002; -66,588499999999996; 2,7200000000000002; 11; 14; M 2.7 - 13km S of Ponce, Puerto Rico; usgs-gov; 28.12.2019 21:01:49; 

30.12.2019 10:53:53
172.22.1.11
vizir_sfo
viz2.insert_eathquake_data_from_json
usgc; nc73320676; 1; 28.12.2019 19:31:07; 38,804832500000003; -122,7774963; 2,1800000000000002; 1,48; 39; M 2.2 - 4km NNW of The Geysers, CA; usgs-gov; 28.12.2019 21:31:03; 

30.12.2019 10:53:53
172.22.1.11
vizir_sfo
viz2.insert_eathquake_data_from_json
usgc; us70006rw1; 1; 28.12.2019 19:24:45; 37,660899999999998; 141,9357; 4,4000000000000004; 47,409999999999997; 0; M 4.4 - 84km ENE of Namie, Japan; usgs-gov; 28.12.2019 20:21:47; 

30.12.2019 10:53:53
172.22.1.11
vizir_sfo
viz2.insert_eathquake_data_from_json
usgc; ak019gmvsk0u; 1; 28.12.2019 19:17:36; 60,539900000000003; -152,8904; 2,5; 131,59999999999999; 0; M 2.5 - 10km NW of Redoubt Volcano, Alaska; usgs-gov; 28.12.2019 19:22:17; 

30.12.2019 10:53:53
172.22.1.11
vizir_sfo
viz2.insert_eathquake_data_from_json
usgc; us70006rvr; 1; 28.12.2019 19:08:32; -6,4546999999999999; 130,2209; 4,9000000000000004; 139,97; 0; M 4.9 - 204km NW of Saumlaki, Indonesia; usgs-gov; 28.12.2019 19:27:30; 

30.12.2019 10:53:53
172.22.1.11
vizir_sfo
viz2.insert_eathquake_data_from_json
usgc; pr2019362010; 1; 28.12.2019 18:52:54; 17,895600000000002; -66,587800000000001; 2,6299999999999999; 11; 6; M 2.6 - 13km SSE of Ponce, Puerto Rico; usgs-gov; 28.12.2019 23:36:06; 

30.12.2019 10:53:53
172.22.1.11
vizir_sfo
viz2.insert_eathquake_data_from_json
usgc; mb80376404; 1; 28.12.2019 18:43:30; 46,178333299999998; -111,6533333; 2,3300000000000001; 9,9000000000000004; 15; M 2.3 - 18km SSW of Townsend, Montana; usgs-gov; 29.12.2019 1:29:26; 

30.12.2019 10:53:53
172.22.1.11
vizir_sfo
viz2.insert_eathquake_data_from_json
usgc; hv71306132; 1; 28.12.2019 18:21:08; 19,425332999999998; -155,26016240000001; 2,3500000000000001; 0,66000000000000003; 33; M 2.4 - 2km WSW of Volcano, Hawaii; usgs-gov; 28.12.2019 18:26:51; 

30.12.2019 10:53:53
172.22.1.11
vizir_sfo
viz2.insert_eathquake_data_from_json
usgc; us70006rvc; 1; 28.12.2019 18:03:48; 42,0139; -126,0658; 3,8999999999999999; 10; 0; M 3.9 - 142km WSW of Gold Beach, Oregon; usgs-gov; 29.12.2019 1:10:54; 

30.12.2019 10:53:53
172.22.1.11
vizir_sfo
viz2.insert_eathquake_data_from_json
usgc; us70006rvb; 1; 28.12.2019 17:54:42; 31,161300000000001; -103,24250000000001; 3; 5; 0; M 3.0 - 37km SE of Pecos, Texas; usgs-gov; 28.12.2019 18:10:43; 

30.12.2019 10:53:53
172.22.1.11
vizir_sfo
viz2.insert_eathquake_data_from_json
usgc; pr2019362015; 1; 28.12.2019 17:51:37; 19,1311; -66,698300000000003; 2,8100000000000001; 34; 3; M 2.8 - 72km N of Arecibo, Puerto Rico; usgs-gov; 29.12.2019 5:46:49; 

30.12.2019 10:53:53
172.22.1.11
vizir_sfo
viz2.insert_eathquake_data_from_json
usgc; pr2019362006; 1; 28.12.2019 17:39:58; 19,363499999999998; -64,825800000000001; 3,6600000000000001; 49; 14; M 3.7 - 109km N of Road Town, British Virgin Islands; usgs-gov; 28.12.2019 18:35:57; 

30.12.2019 10:53:53
172.22.1.11
vizir_sfo
viz2.insert_eathquake_data_from_json
usgc; us70006rv7; 1; 28.12.2019 17:24:59; 42,035699999999999; -126,1113; 4,2999999999999998; 10; 0; M 4.3 - 145km WSW of Gold Beach, Oregon; usgs-gov; 29.12.2019 7:48:43; 

30.12.2019 10:53:53
172.22.1.11
vizir_sfo
viz2.insert_eathquake_data_from_json
usgc; us70006rv6; 1; 28.12.2019 17:20:28; 33,001300000000001; 46,5702; 4,5; 10; 0; M 4.5 - 40km ESE of Mehran, Iran; usgs-gov; 28.12.2019 17:37:36; 

30.12.2019 10:53:53
172.22.1.11
vizir_sfo
viz2.insert_eathquake_data_from_json
usgc; nc73320621; 1; 28.12.2019 17:13:35; 36,035167700000002; -120,5998306; 2,1600000000000001; 4,3799999999999999; 27; M 2.2 - 22km NW of Parkfield, CA; usgs-gov; 28.12.2019 19:40:02; 

30.12.2019 10:53:53
172.22.1.11
vizir_sfo
viz2.insert_eathquake_data_from_json
usgc; nc73320616; 1; 28.12.2019 16:58:38; 38,6401672; -119,8235016; 2,46; 3,5800000000000001; 7; M 2.5 - 6km SSW of Markleeville, CA; usgs-gov; 28.12.2019 19:25:02; 

30.12.2019 10:53:53
172.22.1.11
vizir_sfo
viz2.insert_eathquake_data_from_json
usgc; ak019gmu6v9e; 1; 28.12.2019 16:48:21; 59,475999999999999; -152,00550000000001; 2,1000000000000001; 41,100000000000001; 0; M 2.1 - 31km SW of Homer, Alaska; usgs-gov; 28.12.2019 16:51:47; 

30.12.2019 10:53:53
172.22.1.11
vizir_sfo
viz2.insert_eathquake_data_from_json
usgc; ak019gmu6msc; 1; 28.12.2019 16:47:11; 59,575800000000001; -152,87200000000001; 2,3999999999999999; 97,5; 0; M 2.4 - 62km WSW of Anchor Point, Alaska; usgs-gov; 28.12.2019 17:00:29; 

30.12.2019 10:53:53
172.22.1.11
vizir_sfo
viz2.insert_eathquake_data_from_json
usgc; ak019gmu2jj1; 1; 28.12.2019 16:28:03; 63,227699999999999; -150,61429999999999; 2,3999999999999999; 128,90000000000001; 0; M 2.4 - 85km WSW of Cantwell, Alaska; usgs-gov; 28.12.2019 16:36:03; 

30.12.2019 10:53:53
172.22.1.11
vizir_sfo
viz2.insert_eathquake_data_from_json
usgc; pr2019362014; 1; 28.12.2019 16:09:50; 18,805599999999998; -65,458500000000001; 2,9399999999999999; 15; 3; M 2.9 - 55km NNE of Luquillo, Puerto Rico; usgs-gov; 28.12.2019 23:31:01; 

30.12.2019 10:53:53
172.22.1.11
vizir_sfo
viz2.insert_eathquake_data_from_json
usgc; us70006rum; 1; 28.12.2019 15:49:01; 0,5796; 92,700999999999993; 4,5999999999999996; 10; 0; M 4.6 - Off the west coast of northern Sumatra; usgs-gov; 28.12.2019 16:06:52; 

30.12.2019 10:53:53
172.22.1.11
vizir_sfo
viz2.insert_eathquake_data_from_json
usgc; ci39015367; 1; 28.12.2019 15:43:29; 35,612167399999997; -117,4175034; 3,0499999999999998; 8,0999999999999996; 63; M 3.1 - 17km SSW of Trona, CA; usgs-gov; 29.12.2019 1:00:58; 

30.12.2019 10:53:53
172.22.1.11
vizir_sfo
viz2.insert_eathquake_data_from_json
usgc; us70006rus; 1; 28.12.2019 15:38:14; 5,4055999999999997; 127,1365; 4,7000000000000002; 78,409999999999997; 0; M 4.7 - 149km SE of Pondaguitan, Philippines; usgs-gov; 28.12.2019 16:29:15; 

30.12.2019 10:53:53
172.22.1.11
vizir_sfo
viz2.insert_eathquake_data_from_json
usgc; hv71305977; 1; 28.12.2019 14:59:08; 19,211666099999999; -155,4216614; 2,25; 32,280000000000001; 51; M 2.3 - 6km E of Pahala, Hawaii; usgs-gov; 28.12.2019 15:02:27; 

30.12.2019 10:53:53
172.22.1.11
vizir_sfo
viz2.insert_eathquake_data_from_json
usgc; ci39015311; 1; 28.12.2019 14:35:17; 35,825332600000003; -117,64817050000001; 2,5600000000000001; 3,9700000000000002; 42; M 2.6 - 23km N of Ridgecrest, CA; usgs-gov; 28.12.2019 14:59:47; 

30.12.2019 10:53:53
172.22.1.11
vizir_sfo
viz2.insert_eathquake_data_from_json
usgc; ci39015303; 1; 28.12.2019 14:32:04; 33,179499999999997; -116,3786667; 2; 10,85; 70; M 2.0 - 8km S of Borrego Springs, CA; usgs-gov; 28.12.2019 14:35:59; 

30.12.2019 10:53:53
172.22.1.11
vizir_sfo
viz2.insert_eathquake_data_from_json
usgc; us70006ru2; 1; 28.12.2019 14:23:37; -6,2274000000000003; 130,25360000000001; 4,5999999999999996; 149,52000000000001; 0; M 4.6 - 223km NNW of Saumlaki, Indonesia; usgs-gov; 28.12.2019 14:58:28; 

30.12.2019 10:53:53
172.22.1.11
vizir_sfo
viz2.insert_eathquake_data_from_json
usgc; ci39015247; 1; 28.12.2019 14:11:47; 33,177333300000001; -116,374; 2,73; 10,789999999999999; 91; M 2.7 - 9km S of Borrego Springs, CA; usgs-gov; 29.12.2019 1:41:23; 

30.12.2019 10:53:53
172.22.1.11
vizir_sfo
viz2.insert_eathquake_data_from_json
usgc; us70006rtm; 1; 28.12.2019 14:09:27; 44,095700000000001; -129,86709999999999; 3,7000000000000002; 10; 0; M 3.7 - Off the coast of Oregon; usgs-gov; 28.12.2019 17:57:03; 

30.12.2019 10:53:53
172.22.1.11
vizir_sfo
viz2.insert_eathquake_data_from_json
usgc; pr2019362003; 1; 28.12.2019 14:06:22; 19,109000000000002; -65,265600000000006; 4,4000000000000004; 17; 15; M 4.4 - 83km N of Culebra, Puerto Rico; usgs-gov; 28.12.2019 22:08:58; 

30.12.2019 10:53:53
172.22.1.11
vizir_sfo
viz2.insert_eathquake_data_from_json
usgc; pr2019362005; 1; 28.12.2019 13:41:04; 19,6401; -65,604500000000002; 3,1600000000000001; 40; 3; M 3.2 - 127km N of Vieques, Puerto Rico; usgs-gov; 28.12.2019 18:08:02; 

30.12.2019 10:53:53
172.22.1.11
vizir_sfo
viz2.insert_eathquake_data_from_json
usgc; pr2019362004; 1; 28.12.2019 13:22:55; 18,047799999999999; -67,096800000000002; 2,23; 23; 4; M 2.2 - 2km WNW of Palmarejo, Puerto Rico; usgs-gov; 28.12.2019 15:58:34; 

30.12.2019 10:53:53
172.22.1.11
vizir_sfo
viz2.insert_eathquake_data_from_json
usgc; ok2019zkap; 1; 28.12.2019 13:04:06; 36,303016659999997; -98,179725649999995; 2,3399999999999999; 1,306223154; 60; M 2.3 - 24km NNE of Okeene, Oklahoma; usgs-gov; 28.12.2019 13:07:19; 

30.12.2019 10:53:53
172.22.1.11
vizir_sfo
viz2.insert_eathquake_data_from_json
usgc; us70006rt6; 1; 28.12.2019 12:57:03; -10,741300000000001; -78,269499999999994; 4,2000000000000002; 50,649999999999999; 0; M 4.2 - 48km W of Paramonga, Peru; usgs-gov; 28.12.2019 14:30:58; 

30.12.2019 10:53:53
172.22.1.11
vizir_sfo
viz2.insert_eathquake_data_from_json
usgc; us70006rt7; 1; 28.12.2019 12:22:21; 39,341900000000003; -29,8949; 4,5999999999999996; 10; 0; M 4.6 - 105km E of Santa Cruz das Flores, Portugal; usgs-gov; 28.12.2019 13:20:48; 

30.12.2019 10:53:53
172.22.1.11
vizir_sfo
viz2.insert_eathquake_data_from_json
usgc; pr2019362001; 1; 28.12.2019 11:35:39; 18,674499999999998; -66,728999999999999; 3,1600000000000001; 14; 12; M 3.2 - 21km N of Arecibo, Puerto Rico; usgs-gov; 28.12.2019 12:03:26; 

30.12.2019 10:53:53
172.22.1.11
vizir_sfo
viz2.insert_eathquake_data_from_json
usgc; us70006rss; 1; 28.12.2019 11:14:52; -55,738500000000002; -27,2562; 5; 35; 0; M 5.0 - 107km N of Visokoi Island, South Georgia and the South Sandwich Islands; usgs-gov; 28.12.2019 11:32:28; 

30.12.2019 10:53:53
172.22.1.11
vizir_sfo
viz2.insert_eathquake_data_from_json
usgc; ak019gmqiwch; 1; 28.12.2019 10:32:49; 63,209299999999999; -150,5033; 2,3999999999999999; 128,80000000000001; 0; M 2.4 - 80km WSW of Cantwell, Alaska; usgs-gov; 28.12.2019 11:06:00; 

30.12.2019 10:53:53
172.22.1.11
vizir_sfo
viz2.insert_eathquake_data_from_json
usgc; nn00714118; 1; 28.12.2019 10:13:49; 38,978999999999999; -115,88420000000001; 2; 33,600000000000001; 8; M 2.0 - 44km NW of Currant, Nevada; usgs-gov; 28.12.2019 12:43:54; 

30.12.2019 10:53:53
172.22.1.11
vizir_sfo
viz2.insert_eathquake_data_from_json
usgc; us70006rsk; 1; 28.12.2019 9:34:32; 58,917700000000004; 158,7851; 5,0999999999999996; 15,42; 0; M 5.1 - 71km WSW of Palana, Russia; usgs-gov; 28.12.2019 9:52:58; 

30.12.2019 10:53:53
172.22.1.11
vizir_sfo
viz2.insert_eathquake_data_from_json
usgc; pr2019362002; 1; 28.12.2019 9:13:47; 17,8965; -66,572999999999993; 2,1299999999999999; 10; 8; M 2.1 - 13km SSE of Ponce, Puerto Rico; usgs-gov; 28.12.2019 12:28:42; 

30.12.2019 10:53:53
172.22.1.11
vizir_sfo
viz2.insert_eathquake_data_from_json
usgc; us70006rsi; 1; 28.12.2019 8:59:38; 5,2285000000000004; 125,983; 4,9000000000000004; 89,310000000000002; 0; M 4.9 - 60km ESE of Sarangani, Philippines; usgs-gov; 28.12.2019 9:16:39; 

30.12.2019 10:53:53
172.22.1.11
vizir_sfo
viz2.insert_eathquake_data_from_json
usgc; us70006rsh; 1; 28.12.2019 8:48:38; 35,713900000000002; 32,1145; 4,2000000000000002; 58,18; 0; M 4.2 - 64km SSW of Gazipasa, Turkey; usgs-gov; 28.12.2019 10:18:38; 

30.12.2019 10:53:53
172.22.1.11
vizir_sfo
viz2.insert_eathquake_data_from_json
usgc; us70006rsf; 1; 28.12.2019 8:00:40; 51,296700000000001; -177,0883; 4,2000000000000002; 35; 0; M 4.2 - 71km SSW of Adak, Alaska; usgs-gov; 28.12.2019 16:03:07; 

30.12.2019 10:53:53
172.22.1.11
vizir_sfo
viz2.insert_eathquake_data_from_json
usgc; ci39015007; 1; 28.12.2019 7:33:32; 35,911499999999997; -117,7106667; 2,1099999999999999; 1,6399999999999999; 30; M 2.1 - 18km E of Little Lake, CA; usgs-gov; 28.12.2019 7:43:52; 

30.12.2019 10:53:53
172.22.1.11
vizir_sfo
viz2.insert_eathquake_data_from_json
usgc; pr2019362000; 1; 28.12.2019 7:10:18; 18,868500000000001; -66,805000000000007; 2,1400000000000001; 36; 3; M 2.1 - 42km N of Hatillo, Puerto Rico; usgs-gov; 28.12.2019 12:28:10; 

30.12.2019 10:53:53
172.22.1.11
vizir_sfo
viz2.insert_eathquake_data_from_json
usgc; us70006rrz; 1; 28.12.2019 7:08:48; 38,501100000000001; 90,142600000000002; 4,0999999999999996; 10; 0; M 4.1 - Xinjiang-Qinghai border region, China; usgs-gov; 28.12.2019 7:25:20; 

30.12.2019 10:53:53
172.22.1.11
vizir_sfo
viz2.insert_eathquake_data_from_json
usgc; pr2019361020; 1; 28.12.2019 6:58:35; 17,942599999999999; -66,329999999999998; 2,6499999999999999; 5; 14; M 2.7 - 8km SSE of Jauca, Puerto Rico; usgs-gov; 28.12.2019 7:54:04; 

30.12.2019 10:53:53
172.22.1.11
vizir_sfo
viz2.insert_eathquake_data_from_json
usgc; ak019gley9pl; 1; 28.12.2019 6:42:06; 60,345700000000001; -150,8458; 2,1000000000000001; 33,299999999999997; 0; M 2.1 - 19km SE of Soldotna, Alaska; usgs-gov; 28.12.2019 6:57:06; 

30.12.2019 10:53:53
172.22.1.11
vizir_sfo
viz2.insert_eathquake_data_from_json
usgc; ak019gleqltm; 1; 28.12.2019 6:06:30; 59,484099999999998; -137,09460000000001; 2,2999999999999998; 2,3999999999999999; 0; M 2.3 - 98km WNW of Haines, Alaska; usgs-gov; 28.12.2019 6:18:33; 

30.12.2019 10:53:53
172.22.1.11
vizir_sfo
viz2.insert_eathquake_data_from_json
usgc; ak019gle983y; 1; 28.12.2019 5:25:21; 59,998600000000003; -153,00319999999999; 2; 103,40000000000001; 0; M 2.0 - 56km SSW of Redoubt Volcano, Alaska; usgs-gov; 28.12.2019 5:28:53; 

30.12.2019 10:53:53
172.22.1.11
vizir_sfo
viz2.insert_eathquake_data_from_json
usgc; us70006rql; 1; 28.12.2019 4:43:32; 51,196199999999997; 175,88800000000001; 5; 14,74; 0; M 5.0 - 129km S of Buldir Island, Alaska; usgs-gov; 30.12.2019 4:53:36; 

30.12.2019 10:53:53
172.22.1.11
vizir_sfo
viz2.insert_eathquake_data_from_json
usgc; ak019gldo0y6; 1; 28.12.2019 4:26:32; 63,526299999999999; -151,30170000000001; 2,3999999999999999; 17,699999999999999; 0; M 2.4 - 118km W of Cantwell, Alaska; usgs-gov; 28.12.2019 4:29:38; 

30.12.2019 10:53:53
172.22.1.11
vizir_sfo
viz2.insert_eathquake_data_from_json
usgc; pr2019361019; 1; 28.12.2019 4:11:26; 18,8443; -66,878500000000003; 2,0499999999999998; 20; 3; M 2.1 - 40km N of Hatillo, Puerto Rico; usgs-gov; 28.12.2019 6:53:44; 

30.12.2019 10:53:53
172.22.1.11
vizir_sfo
viz2.insert_eathquake_data_from_json
usgc; ak019glcmge7; 1; 28.12.2019 2:51:01; 60,004300000000001; -153,01849999999999; 2,2000000000000002; 115,09999999999999; 0; M 2.2 - 55km SSW of Redoubt Volcano, Alaska; usgs-gov; 28.12.2019 2:56:29; 

30.12.2019 10:53:53
172.22.1.11
vizir_sfo
viz2.insert_eathquake_data_from_json
usgc; pr2019361018; 1; 28.12.2019 2:33:01; 18,020600000000002; -66,531800000000004; 2,3900000000000001; 16; 11; M 2.4 - 0km SE of Aguilita, Puerto Rico; usgs-gov; 28.12.2019 6:53:32; 

30.12.2019 10:53:53
172.22.1.11
vizir_sfo
viz2.insert_eathquake_data_from_json
usgc; ak019glci7ta; 1; 28.12.2019 2:31:23; 65,359800000000007; -163,04740000000001; 2,6000000000000001; 0; 0; M 2.6 - 149km NE of Nome, Alaska; usgs-gov; 28.12.2019 23:48:12; 

30.12.2019 10:53:53
172.22.1.11
vizir_sfo
viz2.insert_eathquake_data_from_json
usgc; us70006rnd; 1; 28.12.2019 1:50:44; -23,298300000000001; -69,374099999999999; 4,2000000000000002; 83,010000000000005; 0; M 4.2 - 102km SSW of Calama, Chile; usgs-gov; 28.12.2019 23:15:47; 

30.12.2019 10:53:54
172.22.1.11
vizir_sfo
viz2.insert_eathquake_data_from_json
usgc; pr2019361016; 1; 28.12.2019 1:07:33; 17,885999999999999; -66,581500000000005; 2,1099999999999999; 9; 7; M 2.1 - 14km SSE of Ponce, Puerto Rico; usgs-gov; 28.12.2019 2:41:25; 

30.12.2019 10:53:54
172.22.1.11
vizir_sfo
viz2.insert_eathquake_data_from_json
usgc; pr2019361015; 1; 28.12.2019 1:00:42; 17,897300000000001; -66,584599999999995; 2,2999999999999998; 11; 9; M 2.3 - 12km SSE of Ponce, Puerto Rico; usgs-gov; 28.12.2019 2:41:11; 

30.12.2019 10:53:54
172.22.1.11
vizir_sfo
viz2.insert_eathquake_data_from_json
usgc; ak019glbfv5z; 1; 28.12.2019 0:52:31; 63,247199999999999; -149,5652; 2,1000000000000001; 4,9000000000000004; 0; M 2.1 - 34km WSW of Cantwell, Alaska; usgs-gov; 28.12.2019 0:57:06; 

30.12.2019 10:53:54
172.22.1.11
vizir_sfo
viz2.insert_eathquake_data_from_json
usgc; ak019glauujp; 1; 27.12.2019 23:54:25; 59,908999999999999; -153,07169999999999; 2,1000000000000001; 113,5; 0; M 2.1 - 66km SSW of Redoubt Volcano, Alaska; usgs-gov; 28.12.2019 1:11:59; 

30.12.2019 10:53:54
172.22.1.11
vizir_sfo
viz2.insert_eathquake_data_from_json
usgc; pr2019361014; 1; 27.12.2019 23:26:17; 17,903600000000001; -66,586799999999997; 2,5600000000000001; 12; 8; M 2.6 - 12km SSE of Ponce, Puerto Rico; usgs-gov; 28.12.2019 2:40:56; 

30.12.2019 10:53:54
172.22.1.11
vizir_sfo
viz2.insert_eathquake_data_from_json
usgc; pr2019361013; 1; 27.12.2019 23:06:09; 18,976500000000001; -67,742099999999994; 3,3300000000000001; 19; 11; M 3.3 - 66km NW of Aguadilla, Puerto Rico; usgs-gov; 29.12.2019 7:51:44; 

30.12.2019 10:53:54
172.22.1.11
vizir_sfo
viz2.insert_eathquake_data_from_json
usgc; ak019gla9nlr; 1; 27.12.2019 22:55:37; 62,856299999999997; -151,334; 2,1000000000000001; 103,2; 0; M 2.1 - 86km NW of Talkeetna, Alaska; usgs-gov; 27.12.2019 23:08:02; 

30.12.2019 10:53:54
172.22.1.11
vizir_sfo
viz2.insert_eathquake_data_from_json
usgc; ak019gla8jun; 1; 27.12.2019 22:50:21; 58,498199999999997; -137,08879999999999; 2,7000000000000002; 0; 0; M 2.7 - 79km W of Gustavus, Alaska; usgs-gov; 28.12.2019 23:45:53; 

30.12.2019 10:53:54
172.22.1.11
vizir_sfo
viz2.insert_eathquake_data_from_json
usgc; ak019gl93frw; 1; 27.12.2019 20:58:40; 60,211799999999997; -152,8717; 2,5; 119,3; 0; M 2.5 - 31km SSW of Redoubt Volcano, Alaska; usgs-gov; 28.12.2019 13:08:20; 

30.12.2019 10:53:54
172.22.1.11
vizir_sfo
viz2.insert_eathquake_data_from_json
usgc; ak019gl92cxn; 1; 27.12.2019 20:53:36; 59,449399999999997; -153,20949999999999; 2; 95,700000000000003; 0; M 2.0 - 85km WSW of Anchor Point, Alaska; usgs-gov; 28.12.2019 6:57:21; 

30.12.2019 10:53:54
172.22.1.11
vizir_sfo
viz2.insert_eathquake_data_from_json
usgc; ak019gl8wi69; 1; 27.12.2019 20:26:05; 62,951000000000001; -153,0898; 2,2000000000000002; 0; 0; M 2.2 - 127km E of McGrath, Alaska; usgs-gov; 27.12.2019 20:36:37; 

30.12.2019 10:53:54
172.22.1.11
vizir_sfo
viz2.insert_eathquake_data_from_json
usgc; nc73320316; 1; 27.12.2019 19:59:17; 36,544998200000002; -121,0641632; 2,54; 8,8800000000000008; 28; M 2.5 - 7km ENE of Pinnacles, CA; usgs-gov; 27.12.2019 23:38:50; 

30.12.2019 10:53:54
172.22.1.11
vizir_sfo
viz2.insert_eathquake_data_from_json
usgc; nc73320276; 1; 27.12.2019 18:04:20; 37,883667000000003; -122,2046661; 2,25; 11,81; 62; M 2.3 - 2km WNW of Orinda, CA; usgs-gov; 28.12.2019 11:50:46; 

30.12.2019 10:53:54
172.22.1.11
vizir_sfo
viz2.insert_eathquake_data_from_json
usgc; pr2019361012; 1; 27.12.2019 17:56:46; 19,164100000000001; -67,227800000000002; 2,9399999999999999; 14; 8; M 2.9 - 75km N of San Antonio, Puerto Rico; usgs-gov; 27.12.2019 19:03:11; 

30.12.2019 10:53:54
172.22.1.11
vizir_sfo
viz2.insert_eathquake_data_from_json
usgc; pr2019361011; 1; 27.12.2019 16:35:08; 18,7896; -64,4221; 3,2400000000000002; 40; 3; M 3.2 - 46km NNE of Road Town, British Virgin Islands; usgs-gov; 27.12.2019 19:02:53; 

30.12.2019 10:53:54
172.22.1.11
vizir_sfo
viz2.insert_eathquake_data_from_json
usgc; us70006rh8; 1; 27.12.2019 15:57:48; 59,007300000000001; 158,96539999999999; 4,7000000000000002; 14,869999999999999; 0; M 4.7 - 58km WSW of Palana, Russia; usgs-gov; 27.12.2019 16:24:56; 

30.12.2019 10:53:54
172.22.1.11
vizir_sfo
viz2.insert_eathquake_data_from_json
usgc; us70006rgu; 1; 27.12.2019 15:34:00; 2,8889999999999998; 127,343; 4,5; 75,390000000000001; 0; M 4.5 - 148km NNW of Tobelo, Indonesia; usgs-gov; 27.12.2019 15:55:31; 

30.12.2019 10:53:54
172.22.1.11
vizir_sfo
viz2.insert_eathquake_data_from_json
usgc; ak019gl5yarc; 1; 27.12.2019 15:30:54; 61,484200000000001; -149,8982; 2,2000000000000002; 31,800000000000001; 0; M 2.2 - 5km SE of Big Lake, Alaska; usgs-gov; 27.12.2019 15:41:01; 

30.12.2019 10:53:54
172.22.1.11
vizir_sfo
viz2.insert_eathquake_data_from_json
usgc; pr2019361010; 1; 27.12.2019 15:11:46; 19,180499999999999; -67,783500000000004; 3,3799999999999999; 29; 9; M 3.4 - 93km NE of Punta Cana, Dominican Republic; usgs-gov; 27.12.2019 19:02:14; 

30.12.2019 10:53:54
172.22.1.11
vizir_sfo
viz2.insert_eathquake_data_from_json
usgc; pr2019361009; 1; 27.12.2019 14:28:44; 19,085599999999999; -67,211500000000001; 3,1000000000000001; 44; 5; M 3.1 - 66km N of San Antonio, Puerto Rico; usgs-gov; 27.12.2019 19:01:07; 

30.12.2019 10:53:54
172.22.1.11
vizir_sfo
viz2.insert_eathquake_data_from_json
usgc; us70006rg4; 1; 27.12.2019 14:02:27; 38,274000000000001; 39,047199999999997; 4,9000000000000004; 10; 0; M 4.9 - 4km S of Doganyol, Turkey; usgs-gov; 27.12.2019 14:17:25; 

30.12.2019 10:53:54
172.22.1.11
vizir_sfo
viz2.insert_eathquake_data_from_json
usgc; us70006rfs; 1; 27.12.2019 12:42:16; -18,034700000000001; -178,40090000000001; 4,2999999999999998; 570,20000000000005; 0; M 4.3 - 291km N of Ndoi Island, Fiji; usgs-gov; 27.12.2019 13:07:02; 

30.12.2019 10:53:54
172.22.1.11
vizir_sfo
viz2.insert_eathquake_data_from_json
usgc; pr2019361008; 1; 27.12.2019 12:27:30; 17,780000000000001; -68,421300000000002; 3,52; 120; 6; M 3.5 - 70km S of Boca de Yuma, Dominican Republic; usgs-gov; 27.12.2019 16:44:34; 

30.12.2019 10:53:54
172.22.1.11
vizir_sfo
viz2.insert_eathquake_data_from_json
usgc; pr2019361007; 1; 27.12.2019 12:25:13; 19,077300000000001; -68,068799999999996; 3,2999999999999998; 6; 8; M 3.3 - 89km NE of Punta Cana, Dominican Republic; usgs-gov; 27.12.2019 16:07:46; 

30.12.2019 10:53:54
172.22.1.11
vizir_sfo
viz2.insert_eathquake_data_from_json
usgc; ok2019zidt; 1; 27.12.2019 12:22:16; 35,916324619999997; -98,518058780000004; 2,46; 1,881474018; 43; M 2.5 - 11km NW of Watonga, Oklahoma; usgs-gov; 28.12.2019 3:56:59; 

30.12.2019 10:53:54
172.22.1.11
vizir_sfo
viz2.insert_eathquake_data_from_json
usgc; us70006rff; 1; 27.12.2019 12:10:02; 37,897100000000002; 142,70590000000001; 4,9000000000000004; 10; 0; M 4.9 - 136km ESE of Ishinomaki, Japan; usgs-gov; 27.12.2019 12:35:42; 

30.12.2019 10:53:54
172.22.1.11
vizir_sfo
viz2.insert_eathquake_data_from_json
usgc; us70006rf7; 1; 27.12.2019 11:53:47; -50,326999999999998; 130,53380000000001; 5; 10; 0; M 5.0 - Western Indian-Antarctic Ridge; usgs-gov; 27.12.2019 12:09:18; 

30.12.2019 10:53:54
172.22.1.11
vizir_sfo
viz2.insert_eathquake_data_from_json
usgc; ok2019zico; 1; 27.12.2019 11:47:06; 35,055503850000001; -95,390258790000004; 2,29; 5; 13; M 2.3 - 7km SSW of Quinton, Oklahoma; usgs-gov; 27.12.2019 11:50:28; 

30.12.2019 10:53:54
172.22.1.11
vizir_sfo
viz2.insert_eathquake_data_from_json
usgc; ak019gl3nxlr; 1; 27.12.2019 11:46:26; 59,765099999999997; -152,12260000000001; 2,8999999999999999; 50,399999999999999; 0; M 2.9 - 16km W of Anchor Point, Alaska; usgs-gov; 27.12.2019 12:13:47; 

30.12.2019 10:53:54
172.22.1.11
vizir_sfo
viz2.insert_eathquake_data_from_json
usgc; pr2019361006; 1; 27.12.2019 11:26:54; 19,146799999999999; -68,060500000000005; 3,2799999999999998; 7; 10; M 3.3 - 89km NE of Punta Cana, Dominican Republic; usgs-gov; 28.12.2019 10:58:46; 

30.12.2019 10:53:54
172.22.1.11
vizir_sfo
viz2.insert_eathquake_data_from_json
usgc; hv71294551; 1; 27.12.2019 11:25:37; 19,230499300000002; -155,3991699; 2,1400000000000001; 31,579999999999998; 55; M 2.1 - 8km ENE of Pahala, Hawaii; usgs-gov; 27.12.2019 11:31:16; 

30.12.2019 10:53:54
172.22.1.11
vizir_sfo
viz2.insert_eathquake_data_from_json
usgc; ak019gl3jafg; 1; 27.12.2019 11:24:58; 58,9651; -153,06800000000001; 2; 64,900000000000006; 0; M 2.0 - 114km SW of Homer, Alaska; usgs-gov; 27.12.2019 11:28:08; 

30.12.2019 10:53:54
172.22.1.11
vizir_sfo
viz2.insert_eathquake_data_from_json
usgc; hv71294536; 1; 27.12.2019 11:15:51; 19,235166499999998; -155,3951721; 2,21; 32,740000000000002; 53; M 2.2 - 9km ENE of Pahala, Hawaii; usgs-gov; 27.12.2019 11:21:30; 

30.12.2019 10:53:54
172.22.1.11
vizir_sfo
viz2.insert_eathquake_data_from_json
usgc; pr2019361005; 1; 27.12.2019 10:59:52; 19,288599999999999; -67,563299999999998; 3,04; 15; 5; M 3.0 - 105km NNW of San Antonio, Puerto Rico; usgs-gov; 28.12.2019 10:53:30; 

30.12.2019 10:53:54
172.22.1.11
vizir_sfo
viz2.insert_eathquake_data_from_json
usgc; pr2019361004; 1; 27.12.2019 10:46:11; 19,183599999999998; -67,413799999999995; 2,96; 15; 3; M 3.0 - 83km NNW of San Antonio, Puerto Rico; usgs-gov; 27.12.2019 16:01:07; 

30.12.2019 10:53:54
172.22.1.11
vizir_sfo
viz2.insert_eathquake_data_from_json
usgc; pr2019361003; 1; 27.12.2019 10:32:14; 17,2348; -68,3018; 3,5600000000000001; 44; 8; M 3.6 - 126km SSE of Boca de Yuma, Dominican Republic; usgs-gov; 28.12.2019 10:46:40; 

30.12.2019 10:53:54
172.22.1.11
vizir_sfo
viz2.insert_eathquake_data_from_json
usgc; us70006rer; 1; 27.12.2019 10:20:39; 3,4554999999999998; -73,980500000000006; 4,5999999999999996; 10; 0; M 4.6 - 8km SSE of Lejanias, Colombia; usgs-gov; 27.12.2019 10:40:19; 

30.12.2019 10:53:54
172.22.1.11
vizir_sfo
viz2.insert_eathquake_data_from_json
usgc; ak019gl2uetr; 1; 27.12.2019 10:08:51; 63,271099999999997; -149,59520000000001; 2,2999999999999998; 75,700000000000003; 0; M 2.3 - 34km WSW of Cantwell, Alaska; usgs-gov; 27.12.2019 10:17:38; 

30.12.2019 10:53:54
172.22.1.11
vizir_sfo
viz2.insert_eathquake_data_from_json
usgc; pr2019361001; 1; 27.12.2019 10:05:06; 17,873000000000001; -66,296099999999996; 2,3300000000000001; 8; 5; M 2.3 - 11km S of Salinas, Puerto Rico; usgs-gov; 27.12.2019 15:57:46; 

30.12.2019 10:53:54
172.22.1.11
vizir_sfo
viz2.insert_eathquake_data_from_json
usgc; ci39014223; 1; 27.12.2019 9:55:07; 35,889166699999997; -117,7368333; 2,27; 5,8099999999999996; 23; M 2.3 - 16km ESE of Little Lake, CA; usgs-gov; 27.12.2019 10:06:01; 

30.12.2019 10:53:54
172.22.1.11
vizir_sfo
viz2.insert_eathquake_data_from_json
usgc; ak019gl2f3z5; 1; 27.12.2019 9:37:12; 62,129399999999997; -147,47839999999999; 2,2999999999999998; 20,899999999999999; 0; M 2.3 - 80km ENE of Sutton-Alpine, Alaska; usgs-gov; 27.12.2019 9:43:29; 

30.12.2019 10:53:54
172.22.1.11
vizir_sfo
viz2.insert_eathquake_data_from_json
usgc; ci39014215; 1; 27.12.2019 9:21:47; 35,772167199999998; -117,597168; 3,6699999999999999; 7,5999999999999996; 53; M 3.7 - 17km W of Searles Valley, CA; usgs-gov; 29.12.2019 10:49:26; 

30.12.2019 10:53:54
172.22.1.11
vizir_sfo
viz2.insert_eathquake_data_from_json
usgc; us70006rec; 1; 27.12.2019 8:53:16; 28,885000000000002; 51,3613; 5,0999999999999996; 38,280000000000001; 0; M 5.1 - 44km SSE of Borazjan, Iran; usgs-gov; 27.12.2019 23:50:59; 

30.12.2019 10:53:54
172.22.1.11
vizir_sfo
viz2.insert_eathquake_data_from_json
usgc; ak019gl1ukqz; 1; 27.12.2019 8:41:31; 60,419800000000002; -152,001; 2,2999999999999998; 84,299999999999997; 0; M 2.3 - 38km W of Cohoe, Alaska; usgs-gov; 27.12.2019 8:44:47; 

30.12.2019 10:53:54
172.22.1.11
vizir_sfo
viz2.insert_eathquake_data_from_json
usgc; us70006re9; 1; 27.12.2019 8:37:46; 16,791699999999999; -61,0227; 4,7999999999999998; 35,020000000000003; 0; M 4.8 - 54km N of Grande Anse, Guadeloupe; usgs-gov; 27.12.2019 10:21:55; 

30.12.2019 10:53:54
172.22.1.11
vizir_sfo
viz2.insert_eathquake_data_from_json
usgc; pr2019361002; 1; 27.12.2019 8:30:44; 19,2865; -67,665300000000002; 2,71; 30; 5; M 2.7 - 106km NW of San Antonio, Puerto Rico; usgs-gov; 27.12.2019 13:28:26; 

30.12.2019 10:53:54
172.22.1.11
vizir_sfo
viz2.insert_eathquake_data_from_json
usgc; pr2019361000; 1; 27.12.2019 8:19:58; 19,292999999999999; -67,319299999999998; 3,23; 49; 9; M 3.2 - 85km N of San Antonio, Puerto Rico; usgs-gov; 28.12.2019 10:29:41; 

30.12.2019 10:53:54
172.22.1.11
vizir_sfo
viz2.insert_eathquake_data_from_json
usgc; hv71294281; 1; 27.12.2019 7:31:39; 19,462667499999998; -155,59632869999999; 2,5; -2,9100000000000001; 49; M 2.5 - 28km E of Honaunau-Napoopoo, Hawaii; usgs-gov; 27.12.2019 7:37:20; 

30.12.2019 10:53:54
172.22.1.11
vizir_sfo
viz2.insert_eathquake_data_from_json
usgc; ak019gl11uis; 1; 27.12.2019 7:07:29; 64,9422; -147,3184; 2,1000000000000001; 4,2000000000000002; 0; M 2.1 Explosion - 18km NNE of Badger, Alaska; usgs-gov; 27.12.2019 8:09:19; 

30.12.2019 10:53:54
172.22.1.11
vizir_sfo
viz2.insert_eathquake_data_from_json
usgc; pr2019360026; 1; 27.12.2019 6:49:23; 19,222000000000001; -67,283600000000007; 2,9500000000000002; 56; 4; M 3.0 - 83km NNW of San Antonio, Puerto Rico; usgs-gov; 27.12.2019 13:27:54; 

30.12.2019 10:53:54
172.22.1.11
vizir_sfo
viz2.insert_eathquake_data_from_json
usgc; ak019gjrf18d; 1; 27.12.2019 6:42:59; 59,459400000000002; -152,11600000000001; 2,5; 37; 0; M 2.5 - 36km SSW of Anchor Point, Alaska; usgs-gov; 27.12.2019 6:55:34; 

30.12.2019 10:53:54
172.22.1.11
vizir_sfo
viz2.insert_eathquake_data_from_json
usgc; pr2019360025; 1; 27.12.2019 6:41:05; 19,179600000000001; -67,468100000000007; 2,5600000000000001; 60; 5; M 2.6 - 85km NNW of San Antonio, Puerto Rico; usgs-gov; 27.12.2019 13:35:29; 

30.12.2019 10:53:54
172.22.1.11
vizir_sfo
viz2.insert_eathquake_data_from_json
usgc; ci39014135; 1; 27.12.2019 6:38:05; 35,531500000000001; -117,3528333; 2,2400000000000002; 5,9699999999999998; 26; M 2.2 - 26km S of Trona, CA; usgs-gov; 27.12.2019 6:49:04; 

30.12.2019 10:53:54
172.22.1.11
vizir_sfo
viz2.insert_eathquake_data_from_json
usgc; pr2019360024; 1; 27.12.2019 6:31:37; 18,037299999999998; -66,802999999999997; 2,2999999999999998; 74; 3; M 2.3 - 2km NNW of Guayanilla, Puerto Rico; usgs-gov; 27.12.2019 13:26:47; 

30.12.2019 10:53:54
172.22.1.11
vizir_sfo
viz2.insert_eathquake_data_from_json
usgc; ak019gjrb4bw; 1; 27.12.2019 6:24:31; 61,469299999999997; -149,89599999999999; 2,1000000000000001; 38,600000000000001; 0; M 2.1 - 6km SSE of Big Lake, Alaska; usgs-gov; 27.12.2019 6:29:16; 

30.12.2019 10:53:54
172.22.1.11
vizir_sfo
viz2.insert_eathquake_data_from_json
usgc; pr2019360023; 1; 27.12.2019 6:24:10; 18,703600000000002; -67,778599999999997; 2,7799999999999998; 49; 4; M 2.8 - 67km ENE of Punta Cana, Dominican Republic; usgs-gov; 27.12.2019 13:26:31; 

30.12.2019 10:53:54
172.22.1.11
vizir_sfo
viz2.insert_eathquake_data_from_json
usgc; nc73319991; 1; 27.12.2019 6:01:32; 36,623165100000001; -121,2313309; 2,3700000000000001; 5,5800000000000001; 34; M 2.4 - 13km NW of Pinnacles, CA; usgs-gov; 27.12.2019 6:59:02; 

30.12.2019 10:53:54
172.22.1.11
vizir_sfo
viz2.insert_eathquake_data_from_json
usgc; pr2019360022; 1; 27.12.2019 4:47:52; 17,298500000000001; -68,371799999999993; 3,0600000000000001; 28; 8; M 3.1 - 131km SSE of Boca de Yuma, Dominican Republic; usgs-gov; 27.12.2019 6:17:23; 

30.12.2019 10:53:54
172.22.1.11
vizir_sfo
viz2.insert_eathquake_data_from_json
usgc; ak019gjq66xc; 1; 27.12.2019 4:33:32; 57,420000000000002; -152,09899999999999; 3; 34,100000000000001; 0; M 3.0 - 45km SSE of Kodiak, Alaska; usgs-gov; 27.12.2019 5:17:56; 

30.12.2019 10:53:54
172.22.1.11
vizir_sfo
viz2.insert_eathquake_data_from_json
usgc; pr2019360021; 1; 27.12.2019 3:46:41; 19,196000000000002; -67,3523; 3; 25; 3; M 3.0 - 82km NNW of San Antonio, Puerto Rico; usgs-gov; 27.12.2019 6:11:50; 

30.12.2019 10:53:54
172.22.1.11
vizir_sfo
viz2.insert_eathquake_data_from_json
usgc; us70006rbt; 1; 27.12.2019 3:39:02; 31,009699999999999; -103,5343; 2,6000000000000001; 2,4199999999999999; 0; M 2.6 - 45km S of Pecos, Texas; usgs-gov; 27.12.2019 5:11:55; 

30.12.2019 10:53:54
172.22.1.11
vizir_sfo
viz2.insert_eathquake_data_from_json
usgc; hv71294056; 1; 27.12.2019 3:19:50; 19,177166; -155,50115969999999; 2,1800000000000002; 36,030000000000001; 50; M 2.2 - 3km SW of Pahala, Hawaii; usgs-gov; 27.12.2019 3:23:10; 

30.12.2019 10:53:54
172.22.1.11
vizir_sfo
viz2.insert_eathquake_data_from_json
usgc; us70006rbj; 1; 27.12.2019 2:56:11; 52,534300000000002; -168,64320000000001; 4,0999999999999996; 35; 0; M 4.1 - 47km SSE of Nikolski, Alaska; usgs-gov; 27.12.2019 4:52:15; 

30.12.2019 10:53:54
172.22.1.11
vizir_sfo
viz2.insert_eathquake_data_from_json
usgc; nc73319936; 1; 27.12.2019 2:48:23; 37,582166700000002; -118,82183329999999; 3,6200000000000001; 9,9000000000000004; 33; M 3.6 - 13km W of Toms Place, CA; usgs-gov; 30.12.2019 0:04:32; 

30.12.2019 10:53:54
172.22.1.11
vizir_sfo
viz2.insert_eathquake_data_from_json
usgc; us70006rbi; 1; 27.12.2019 2:24:55; 32,306600000000003; 105,2109; 4,5; 10; 0; M 4.5 - 6km W of Qifo, China; usgs-gov; 27.12.2019 5:04:06; 

30.12.2019 10:53:54
172.22.1.11
vizir_sfo
viz2.insert_eathquake_data_from_json
usgc; us70006rb2; 1; 27.12.2019 2:04:46; 57,8001; 158,97059999999999; 4,2999999999999998; 10; 0; M 4.3 - 18km E of Tigil', Russia; usgs-gov; 27.12.2019 4:52:57; 

30.12.2019 10:53:54
172.22.1.11
vizir_sfo
viz2.insert_eathquake_data_from_json
usgc; us70006raz; 1; 27.12.2019 2:04:31; -17,447500000000002; -178,7843; 4,7999999999999998; 567,80999999999995; 0; M 4.8 - 226km ESE of Lambasa, Fiji; usgs-gov; 27.12.2019 4:40:00; 

30.12.2019 10:53:54
172.22.1.11
vizir_sfo
viz2.insert_eathquake_data_from_json
usgc; us70006r9j; 1; 27.12.2019 1:09:03; 59,045400000000001; 158,76349999999999; 4,4000000000000004; 10; 0; M 4.4 - 69km W of Palana, Russia; usgs-gov; 27.12.2019 4:31:27; 

30.12.2019 10:53:54
172.22.1.11
vizir_sfo
viz2.insert_eathquake_data_from_json
usgc; us70006r9d; 1; 27.12.2019 0:47:09; 39,652200000000001; 95,378699999999995; 4,0999999999999996; 10; 0; M 4.1 - 89km SSW of Guazhou, China; usgs-gov; 27.12.2019 4:25:18; 

30.12.2019 10:53:54
172.22.1.11
vizir_sfo
viz2.insert_eathquake_data_from_json
usgc; hv71293786; 1; 27.12.2019 0:27:21; 19,4063339; -155,2611694; 2,1099999999999999; 1,3799999999999999; 18; M 2.1 - 3km SW of Volcano, Hawaii; usgs-gov; 27.12.2019 0:30:22; 

30.12.2019 10:53:54
172.22.1.11
vizir_sfo
viz2.insert_eathquake_data_from_json
usgc; us70006r99; 1; 27.12.2019 0:21:42; 58,787199999999999; 158,86600000000001; 4,9000000000000004; 15,58; 0; M 4.9 - 73km WSW of Palana, Russia; usgs-gov; 27.12.2019 0:40:19; 

30.12.2019 10:53:54
172.22.1.11
vizir_sfo
viz2.insert_eathquake_data_from_json
usgc; us70006r97; 1; 27.12.2019 0:13:51; 58,842700000000001; 158,7756; 5,4000000000000004; 16,989999999999998; 0; M 5.4 - 74km WSW of Palana, Russia; usgs-gov; 28.12.2019 0:17:12; 

30.12.2019 10:53:54
172.22.1.11
vizir_sfo
viz2.insert_eathquake_data_from_json
usgc; hv71293751; 1; 27.12.2019 0:00:25; 19,4168339; -155,28984070000001; 2,2400000000000002; 5,75; 12; M 2.2 - 5km WSW of Volcano, Hawaii; usgs-gov; 27.12.2019 8:03:06; 

30.12.2019 10:53:54
172.22.1.11
vizir_sfo
viz2.insert_eathquake_data_from_json
usgc; hv71293756; 1; 27.12.2019 0:00:13; 19,4955; -155,67816669999999; 3,0099999999999998; 1,75; 23; M 3.0 - 20km E of Honaunau-Napoopoo, Hawaii; usgs-gov; 29.12.2019 6:27:45; 

30.12.2019 10:53:54
172.22.1.11
vizir_sfo
viz2.insert_eathquake_data_from_json
usgc; us70006r96; 1; 26.12.2019 23:59:54; -3,3403999999999998; 130,73589999999999; 4,4000000000000004; 47,950000000000003; 0; M 4.4 - 202km E of Amahai, Indonesia; usgs-gov; 28.12.2019 0:10:42; 

30.12.2019 10:53:54
172.22.1.11
vizir_sfo
viz2.insert_eathquake_data_from_json
usgc; pr2019360020; 1; 26.12.2019 23:52:12; 18,524999999999999; -66,773799999999994; 2,77; 118; 8; M 2.8 - 5km NNE of Carrizales, Puerto Rico; usgs-gov; 27.12.2019 23:39:11; 

30.12.2019 10:53:54
172.22.1.11
vizir_sfo
viz2.insert_eathquake_data_from_json
usgc; ak019gjn66qq; 1; 26.12.2019 23:29:45; 62,924700000000001; -150,81880000000001; 2,1000000000000001; 105,5; 0; M 2.1 - 76km NNW of Talkeetna, Alaska; usgs-gov; 26.12.2019 23:43:06; 

30.12.2019 10:53:54
172.22.1.11
vizir_sfo
viz2.insert_eathquake_data_from_json
usgc; uu60355567; 1; 26.12.2019 23:19:31; 44,663166699999998; -110,4691667; 2,21; 4,96; 21; M 2.2 - 36km NE of Old Faithful Geyser, Wyoming; usgs-gov; 27.12.2019 22:59:02; 

30.12.2019 10:53:54
172.22.1.11
vizir_sfo
viz2.insert_eathquake_data_from_json
usgc; ci39013911; 1; 26.12.2019 22:59:38; 35,778500000000001; -117,5955; 2,0600000000000001; 6,2199999999999998; 26; M 2.1 - 17km W of Searles Valley, CA; usgs-gov; 26.12.2019 23:03:40; 

30.12.2019 10:53:54
172.22.1.11
vizir_sfo
viz2.insert_eathquake_data_from_json
usgc; uw61565212; 1; 26.12.2019 22:51:55; 47,6026666666667; -121,828666666667; 2,2799999999999998; 16,280000000000001; 34; M 2.3 - 5km NE of Fall City, Washington; usgs-gov; 28.12.2019 4:39:50; 

30.12.2019 10:53:54
172.22.1.11
vizir_sfo
viz2.insert_eathquake_data_from_json
usgc; us70006r89; 1; 26.12.2019 22:15:13; -55,747300000000003; -27,171299999999999; 5,2000000000000002; 18,780000000000001; 0; M 5.2 - 106km N of Visokoi Island, South Georgia and the South Sandwich Islands; usgs-gov; 27.12.2019 22:45:17; 

30.12.2019 10:53:54
172.22.1.11
vizir_sfo
viz2.insert_eathquake_data_from_json
usgc; us70006rkg; 1; 26.12.2019 22:14:33; -55,639899999999997; -27,175599999999999; 4,5999999999999996; 24,789999999999999; 0; M 4.6 - 118km N of Visokoi Island, South Georgia and the South Sandwich Islands; usgs-gov; 27.12.2019 23:12:33; 

30.12.2019 10:53:54
172.22.1.11
vizir_sfo
viz2.insert_eathquake_data_from_json
usgc; ak019gjm2h0o; 1; 26.12.2019 21:44:12; 63,181100000000001; -150,625; 3,2999999999999998; 127,09999999999999; 0; M 3.3 - 87km WSW of Cantwell, Alaska; usgs-gov; 27.12.2019 10:11:55; 

30.12.2019 10:53:54
172.22.1.11
vizir_sfo
viz2.insert_eathquake_data_from_json
usgc; hv71293641; 1; 26.12.2019 21:38:37; 19,2138329; -155,41700739999999; 2,02; 33,340000000000003; 47; M 2.0 - 6km E of Pahala, Hawaii; usgs-gov; 26.12.2019 21:41:45; 

30.12.2019 10:53:54
172.22.1.11
vizir_sfo
viz2.insert_eathquake_data_from_json
usgc; ok2019zhag; 1; 26.12.2019 21:28:33; 35,91146088; -98,537139890000006; 2,0299999999999998; 4,6895613669999996; 11; M 2.0 - 13km WNW of Watonga, Oklahoma; usgs-gov; 27.12.2019 2:29:54; 

30.12.2019 10:53:54
172.22.1.11
vizir_sfo
viz2.insert_eathquake_data_from_json
usgc; pr2019360018; 1; 26.12.2019 21:22:06; 19,1905; -67,622600000000006; 3,1800000000000002; 18; 9; M 3.2 - 78km NW of San Antonio, Puerto Rico; usgs-gov; 27.12.2019 0:51:53; 

30.12.2019 10:53:54
172.22.1.11
vizir_sfo
viz2.insert_eathquake_data_from_json
usgc; pr2019360017; 1; 26.12.2019 20:52:23; 17,904299999999999; -66,595299999999995; 2,4500000000000002; 15; 8; M 2.5 - 11km S of Ponce, Puerto Rico; usgs-gov; 27.12.2019 0:02:42; 

30.12.2019 10:53:54
172.22.1.11
vizir_sfo
viz2.insert_eathquake_data_from_json
usgc; hv71293556; 1; 26.12.2019 20:18:13; 19,3103333; -155,24949649999999; 2,3199999999999998; 3,5899999999999999; 56; M 2.3 - 13km S of Volcano, Hawaii; usgs-gov; 26.12.2019 20:23:53; 

30.12.2019 10:53:54
172.22.1.11
vizir_sfo
viz2.insert_eathquake_data_from_json
usgc; pr2019360016; 1; 26.12.2019 19:58:47; 18,147600000000001; -65,849100000000007; 2,2999999999999998; 10; 10; M 2.3 - 2km W of Humacao, Puerto Rico; usgs-gov; 27.12.2019 0:02:24; 

30.12.2019 10:53:54
172.22.1.11
vizir_sfo
viz2.insert_eathquake_data_from_json
usgc; us70006r7h; 1; 26.12.2019 19:19:52; 11,173400000000001; 122,706; 4,9000000000000004; 38,299999999999997; 0; M 4.9 - 1km SW of Alimono, Philippines; usgs-gov; 27.12.2019 9:12:46; 

30.12.2019 10:53:54
172.22.1.11
vizir_sfo
viz2.insert_eathquake_data_from_json
usgc; hv71293496; 1; 26.12.2019 19:12:37; 19,468000400000001; -155,59199520000001; 2,04; -2,27; 38; M 2.0 - 28km E of Honaunau-Napoopoo, Hawaii; usgs-gov; 26.12.2019 19:18:18; 

30.12.2019 10:53:54
172.22.1.11
vizir_sfo
viz2.insert_eathquake_data_from_json
usgc; ci39013847; 1; 26.12.2019 18:54:49; 35,622001599999997; -117,4574966; 2,1299999999999999; 4,8700000000000001; 39; M 2.1 - 17km SSW of Searles Valley, CA; usgs-gov; 26.12.2019 19:05:46; 

30.12.2019 10:53:54
172.22.1.11
vizir_sfo
viz2.insert_eathquake_data_from_json
usgc; ak019gjka5tz; 1; 26.12.2019 18:44:10; 66,267700000000005; -157,36199999999999; 2,2000000000000002; 1,7; 0; M 2.2 - 74km SSW of Kobuk, Alaska; usgs-gov; 27.12.2019 4:44:52; 

30.12.2019 10:53:54
172.22.1.11
vizir_sfo
viz2.insert_eathquake_data_from_json
usgc; hv71293416; 1; 26.12.2019 18:14:05; 19,210500700000001; -155,41650390000001; 2,0099999999999998; 32,509999999999998; 43; M 2.0 - 6km E of Pahala, Hawaii; usgs-gov; 26.12.2019 18:17:13; 

30.12.2019 10:53:54
172.22.1.11
vizir_sfo
viz2.insert_eathquake_data_from_json
usgc; ci39013823; 1; 26.12.2019 18:05:38; 35,8956667; -117,6886667; 2; 2,3799999999999999; 26; M 2.0 - 20km ESE of Little Lake, CA; usgs-gov; 26.12.2019 18:16:32; 

30.12.2019 10:53:54
172.22.1.11
vizir_sfo
viz2.insert_eathquake_data_from_json
usgc; hv71293401; 1; 26.12.2019 17:54:09; 19,403999299999999; -155,26367189999999; 2,3100000000000001; 0,26000000000000001; 24; M 2.3 - 4km SW of Volcano, Hawaii; usgs-gov; 26.12.2019 17:59:51; 

30.12.2019 10:53:54
172.22.1.11
vizir_sfo
viz2.insert_eathquake_data_from_json
usgc; us70006r6t; 1; 26.12.2019 17:52:22; 3,5623999999999998; -74,031999999999996; 4,4000000000000004; 10; 0; M 4.4 - 4km NNW of Lejanias, Colombia; usgs-gov; 28.12.2019 5:12:47; 

30.12.2019 10:53:54
172.22.1.11
vizir_sfo
viz2.insert_eathquake_data_from_json
usgc; pr2019360015; 1; 26.12.2019 17:40:54; 19,132100000000001; -67,631; 3,0899999999999999; 26; 9; M 3.1 - 90km NW of San Antonio, Puerto Rico; usgs-gov; 26.12.2019 20:05:51; 

30.12.2019 10:53:54
172.22.1.11
vizir_sfo
viz2.insert_eathquake_data_from_json
usgc; pr2019360014; 1; 26.12.2019 17:38:21; 19,196999999999999; -67,697800000000001; 2,8700000000000001; 39; 6; M 2.9 - 100km NE of Punta Cana, Dominican Republic; usgs-gov; 26.12.2019 20:05:05; 

30.12.2019 10:53:54
172.22.1.11
vizir_sfo
viz2.insert_eathquake_data_from_json
usgc; pr2019360010; 1; 26.12.2019 17:37:11; 18,975000000000001; -67,827799999999996; 3,0699999999999998; 19; 11; M 3.1 - 74km NE of Punta Cana, Dominican Republic; usgs-gov; 26.12.2019 18:20:28; 

30.12.2019 10:53:54
172.22.1.11
vizir_sfo
viz2.insert_eathquake_data_from_json
usgc; us70006r6e; 1; 26.12.2019 17:36:37; 30,981999999999999; 113,45820000000001; 5; 10; 0; M 5.0 - 5km S of Tiandian, China; usgs-gov; 28.12.2019 15:46:43; 

30.12.2019 10:53:54
172.22.1.11
vizir_sfo
viz2.insert_eathquake_data_from_json
usgc; pr2019360013; 1; 26.12.2019 17:16:33; 19,018599999999999; -67,647800000000004; 2,6400000000000001; 24; 4; M 2.6 - 82km NW of San Antonio, Puerto Rico; usgs-gov; 26.12.2019 19:10:24; 

30.12.2019 10:53:54
172.22.1.11
vizir_sfo
viz2.insert_eathquake_data_from_json
usgc; pr2019360012; 1; 26.12.2019 17:13:38; 19,1706; -67,348799999999997; 3; 40; 4; M 3.0 - 79km NNW of San Antonio, Puerto Rico; usgs-gov; 26.12.2019 19:10:02; 

30.12.2019 10:53:54
172.22.1.11
vizir_sfo
viz2.insert_eathquake_data_from_json
usgc; pr2019360011; 1; 26.12.2019 16:47:46; 18,271100000000001; -67,460499999999996; 3,3300000000000001; 137; 9; M 3.3 - 23km WSW of Rincon, Puerto Rico; usgs-gov; 26.12.2019 19:09:41; 

30.12.2019 10:53:54
172.22.1.11
vizir_sfo
viz2.insert_eathquake_data_from_json
usgc; us70006r5y; 1; 26.12.2019 16:28:57; -21,087800000000001; -70,498900000000006; 4,2999999999999998; 51,520000000000003; 0; M 4.3 - 102km SSW of Iquique, Chile; usgs-gov; 27.12.2019 12:32:41; 

30.12.2019 10:53:54
172.22.1.11
vizir_sfo
viz2.insert_eathquake_data_from_json
usgc; us70006r5w; 1; 26.12.2019 16:26:41; 38,781700000000001; 141,52430000000001; 4,9000000000000004; 63,5; 0; M 4.9 - 36km SSW of Ofunato, Japan; usgs-gov; 26.12.2019 18:26:53; 

30.12.2019 10:53:54
172.22.1.11
vizir_sfo
viz2.insert_eathquake_data_from_json
usgc; us70006r5x; 1; 26.12.2019 16:24:35; -5,4886999999999997; 150,8466; 5,2000000000000002; 121,95; 0; M 5.2 - 78km E of Kimbe, Papua New Guinea; usgs-gov; 27.12.2019 2:48:47; 

30.12.2019 10:53:54
172.22.1.11
vizir_sfo
viz2.insert_eathquake_data_from_json
usgc; ak019gjivvt3; 1; 26.12.2019 16:09:53; 60,797699999999999; -147,4271; 2; 34,600000000000001; 0; M 2.0 - 68km E of Whittier, Alaska; usgs-gov; 26.12.2019 16:13:26; 

30.12.2019 10:53:54
172.22.1.11
vizir_sfo
viz2.insert_eathquake_data_from_json
usgc; pr2019360009; 1; 26.12.2019 15:45:13; 19,0411; -67,182500000000005; 2,6800000000000002; 32; 4; M 2.7 - 61km N of San Antonio, Puerto Rico; usgs-gov; 26.12.2019 19:09:15; 

30.12.2019 10:53:54
172.22.1.11
vizir_sfo
viz2.insert_eathquake_data_from_json
usgc; pr2019360008; 1; 26.12.2019 15:28:40; 19,438600000000001; -67,883600000000001; 3,3799999999999999; 62; 14; M 3.4 - 116km NNE of Punta Cana, Dominican Republic; usgs-gov; 26.12.2019 17:31:39; 

30.12.2019 10:53:54
172.22.1.11
vizir_sfo
viz2.insert_eathquake_data_from_json
usgc; nn00714016; 1; 26.12.2019 15:13:47; 39,350499999999997; -119,99299999999999; 2,7000000000000002; 9; 30; M 2.7 - 11km N of Incline Village, Nevada; usgs-gov; 27.12.2019 9:07:41; 

30.12.2019 10:53:54
172.22.1.11
vizir_sfo
viz2.insert_eathquake_data_from_json
usgc; hv71293226; 1; 26.12.2019 14:54:26; 19,402500199999999; -155,2663269; 2,0299999999999998; 0,089999999999999997; 24; M 2.0 - 4km SW of Volcano, Hawaii; usgs-gov; 26.12.2019 15:01:06; 

30.12.2019 10:53:54
172.22.1.11
vizir_sfo
viz2.insert_eathquake_data_from_json
usgc; us70006r59; 1; 26.12.2019 14:22:10; -7,8440000000000003; 106,7599; 4,7000000000000002; 54,710000000000001; 0; M 4.7 - 46km S of Buniasih, Indonesia; usgs-gov; 26.12.2019 14:49:49; 

30.12.2019 10:53:54
172.22.1.11
vizir_sfo
viz2.insert_eathquake_data_from_json
usgc; nc73319761; 1; 26.12.2019 14:01:44; 38,804000899999998; -122,78116609999999; 2,0299999999999998; 1,3500000000000001; 25; M 2.0 - 4km NW of The Geysers, CA; usgs-gov; 26.12.2019 14:21:03; 

30.12.2019 10:53:54
172.22.1.11
vizir_sfo
viz2.insert_eathquake_data_from_json
usgc; pr2019360007; 1; 26.12.2019 13:48:24; 19,2151; -67,750799999999998; 2,7000000000000002; 39; 4; M 2.7 - 95km NW of San Antonio, Puerto Rico; usgs-gov; 26.12.2019 17:42:22; 

30.12.2019 10:53:54
172.22.1.11
vizir_sfo
viz2.insert_eathquake_data_from_json
usgc; pr2019360006; 1; 26.12.2019 13:29:06; 19,0261; -67,685500000000005; 2,8199999999999998; 26; 6; M 2.8 - 88km NW of San Antonio, Puerto Rico; usgs-gov; 26.12.2019 17:49:24; 

30.12.2019 10:53:54
172.22.1.11
vizir_sfo
viz2.insert_eathquake_data_from_json
usgc; pr2019360005; 1; 26.12.2019 13:28:01; 19,1875; -67,927999999999997; 2,9100000000000001; 39; 5; M 2.9 - 81km NE of Punta Cana, Dominican Republic; usgs-gov; 26.12.2019 17:55:21; 

30.12.2019 10:53:54
172.22.1.11
vizir_sfo
viz2.insert_eathquake_data_from_json
usgc; us70006r4u; 1; 26.12.2019 13:27:49; 5,5336999999999996; -75,267799999999994; 4,4000000000000004; 78,579999999999998; 0; M 4.4 - 13km SW of Narino, Colombia; usgs-gov; 26.12.2019 20:53:46; 

30.12.2019 10:53:54
172.22.1.11
vizir_sfo
viz2.insert_eathquake_data_from_json
usgc; us70006r4p; 1; 26.12.2019 12:55:32; 58,821399999999997; 158,82089999999999; 4,9000000000000004; 10; 0; M 4.9 - 73km WSW of Palana, Russia; usgs-gov; 26.12.2019 13:18:35; 

30.12.2019 10:53:54
172.22.1.11
vizir_sfo
viz2.insert_eathquake_data_from_json
usgc; ak019gjg6yal; 1; 26.12.2019 11:57:29; 63,240900000000003; -149,36189999999999; 2,1000000000000001; 74,299999999999997; 0; M 2.1 - 26km SW of Cantwell, Alaska; usgs-gov; 26.12.2019 12:03:14; 

30.12.2019 10:53:54
172.22.1.11
vizir_sfo
viz2.insert_eathquake_data_from_json
usgc; ci39013663; 1; 26.12.2019 11:12:00; 35,950833299999999; -117,366; 3,3199999999999998; 2,7400000000000002; 39; M 3.3 - 21km N of Searles Valley, CA; usgs-gov; 27.12.2019 4:55:20; 

30.12.2019 10:53:54
172.22.1.11
vizir_sfo
viz2.insert_eathquake_data_from_json
usgc; hv71293026; 1; 26.12.2019 11:05:32; 19,474832500000002; -155,58383180000001; 2,0800000000000001; -1,3899999999999999; 16; M 2.1 - 29km E of Honaunau-Napoopoo, Hawaii; usgs-gov; 26.12.2019 11:11:13; 

30.12.2019 10:53:54
172.22.1.11
vizir_sfo
viz2.insert_eathquake_data_from_json
usgc; us70006r41; 1; 26.12.2019 10:48:30; 3,3980000000000001; -74,012600000000006; 4,7999999999999998; 10; 0; M 4.8 - 3km ENE of Mesetas, Colombia; usgs-gov; 26.12.2019 17:58:40; 

30.12.2019 10:53:54
172.22.1.11
vizir_sfo
viz2.insert_eathquake_data_from_json
usgc; pr2019360000; 1; 26.12.2019 9:53:39; 17,919499999999999; -66,597499999999997; 2,0800000000000001; 14; 6; M 2.1 - 10km S of Ponce, Puerto Rico; usgs-gov; 26.12.2019 14:28:30; 

30.12.2019 10:53:54
172.22.1.11
vizir_sfo
viz2.insert_eathquake_data_from_json
usgc; ci39013591; 1; 26.12.2019 9:45:43; 35,826333300000002; -117,637; 2,0899999999999999; 6,79; 30; M 2.1 - 22km WNW of Searles Valley, CA; usgs-gov; 26.12.2019 9:57:12; 

30.12.2019 10:53:54
172.22.1.11
vizir_sfo
viz2.insert_eathquake_data_from_json
usgc; pr2019360001; 1; 26.12.2019 9:31:48; 17,947800000000001; -66,603999999999999; 2,3399999999999999; 37; 6; M 2.3 - 7km S of Ponce, Puerto Rico; usgs-gov; 26.12.2019 14:29:02; 

30.12.2019 10:53:54
172.22.1.11
vizir_sfo
viz2.insert_eathquake_data_from_json
usgc; pr2019360002; 1; 26.12.2019 9:26:14; 19,033300000000001; -67,167000000000002; 2,8799999999999999; 7; 5; M 2.9 - 60km NNW of Isabela, Puerto Rico; usgs-gov; 26.12.2019 14:30:11; 

30.12.2019 10:53:54
172.22.1.11
vizir_sfo
viz2.insert_eathquake_data_from_json
usgc; hv71292971; 1; 26.12.2019 9:25:56; 19,1800003; -155,44383239999999; 2; 37,68; 47; M 2.0 - 4km SE of Pahala, Hawaii; usgs-gov; 26.12.2019 9:29:09; 

30.12.2019 10:53:54
172.22.1.11
vizir_sfo
viz2.insert_eathquake_data_from_json
usgc; us70006r3m; 1; 26.12.2019 9:21:35; -22,084599999999998; 173,1524; 5,5; 59,950000000000003; 0; M 5.5 - 118km ENE of Ile Hunter, New Caledonia; usgs-gov; 26.12.2019 9:39:48; 

30.12.2019 10:53:54
172.22.1.11
vizir_sfo
viz2.insert_eathquake_data_from_json
usgc; us70006r3l; 1; 26.12.2019 9:16:56; -22,004300000000001; 173,70650000000001; 5,0999999999999996; 10; 0; M 5.1 - 94km WSW of Ceva-i-Ra, Fiji; usgs-gov; 26.12.2019 9:51:17; 

30.12.2019 10:53:54
172.22.1.11
vizir_sfo
viz2.insert_eathquake_data_from_json
usgc; us70006r3i; 1; 26.12.2019 9:06:38; -22,207899999999999; 173,2073; 5,0999999999999996; 10; 0; M 5.1 - 121km E of Ile Hunter, New Caledonia; usgs-gov; 26.12.2019 9:27:39; 

30.12.2019 10:53:54
172.22.1.11
vizir_sfo
viz2.insert_eathquake_data_from_json
usgc; nn00713996; 1; 26.12.2019 7:02:20; 39,241599999999998; -116,2214; 2,2999999999999998; 0; 4; M 2.3 - 37km SW of Eureka, Nevada; usgs-gov; 27.12.2019 9:07:21; 

