30.12.2019 10:53:07
172.22.1.11
vizir_sfo
viz2.insert_eathquake_data_from_json
usgc; pr2019364002; 1; 30.12.2019 9:28:32; 17,896100000000001; -66,587999999999994; 2,4199999999999999; 11; 13; M 2.4 - 13km SSE of Ponce, Puerto Rico; usgs-gov; 30.12.2019 9:50:24; 

30.12.2019 10:53:07
172.22.1.11
vizir_sfo
viz2.insert_eathquake_data_from_json
usgc; ak019gq0to9w; 1; 30.12.2019 9:02:21; 65,870800000000003; -148,09229999999999; 2,5; 60,200000000000003; 0; M 2.5 - 113km N of College, Alaska; usgs-gov; 30.12.2019 9:08:44; 

30.12.2019 10:53:07
172.22.1.11
vizir_sfo
viz2.insert_eathquake_data_from_json
usgc; ak019gq0tj8u; 1; 30.12.2019 9:02:00; 66,184799999999996; -148,02590000000001; 2,5; 37; 0; M 2.5 - 130km WSW of Fort Yukon, Alaska; usgs-gov; 30.12.2019 9:07:03; 

30.12.2019 10:53:07
172.22.1.11
vizir_sfo
viz2.insert_eathquake_data_from_json
usgc; pr2019364001; 1; 30.12.2019 8:59:00; 17,848800000000001; -66,814300000000003; 2,9700000000000002; 4; 9; M 3.0 - 16km SE of Guanica, Puerto Rico; usgs-gov; 30.12.2019 9:34:25; 

30.12.2019 10:53:07
172.22.1.11
vizir_sfo
viz2.insert_eathquake_data_from_json
usgc; pr2019364000; 1; 30.12.2019 8:45:36; 17,914999999999999; -66,867500000000007; 3,1200000000000001; 5; 14; M 3.1 - 7km SE of Guanica, Puerto Rico; usgs-gov; 30.12.2019 9:45:33; 

30.12.2019 10:53:07
172.22.1.11
vizir_sfo
viz2.insert_eathquake_data_from_json
usgc; nc73321231; 1; 30.12.2019 8:19:04; 38,080665600000003; -118,8611679; 2,9500000000000002; 0,68000000000000005; 31; M 3.0 - 20km SE of Bodie, CA; usgs-gov; 30.12.2019 9:59:04; 

30.12.2019 10:53:07
172.22.1.11
vizir_sfo
viz2.insert_eathquake_data_from_json
usgc; us70006sb0; 1; 30.12.2019 7:52:30; 35,812800000000003; 77,611400000000003; 4,0999999999999996; 10; 0; M 4.1 - 126km NE of Thang, India; usgs-gov; 30.12.2019 8:13:08; 

30.12.2019 10:53:07
172.22.1.11
vizir_sfo
viz2.insert_eathquake_data_from_json
usgc; hv71308692; 1; 30.12.2019 7:36:18; 19,267499900000001; -155,41183470000001; 2,2799999999999998; 13,31; 11; M 2.3 - 9km NE of Pahala, Hawaii; usgs-gov; 30.12.2019 7:41:57; 

30.12.2019 10:53:07
172.22.1.11
vizir_sfo
viz2.insert_eathquake_data_from_json
usgc; hv71308702; 1; 30.12.2019 7:36:12; 19,2110004; -155,39199830000001; 2,25; 32,380000000000003; 52; M 2.3 - 9km E of Pahala, Hawaii; usgs-gov; 30.12.2019 7:58:42; 

30.12.2019 10:53:07
172.22.1.11
vizir_sfo
viz2.insert_eathquake_data_from_json
usgc; us70006sb2; 1; 30.12.2019 7:32:52; 27,813800000000001; 142,84020000000001; 4,9000000000000004; 11,039999999999999; 0; M 4.9 - 101km NE of Chichi-shima, Japan; usgs-gov; 30.12.2019 8:25:56; 

30.12.2019 10:53:07
172.22.1.11
vizir_sfo
viz2.insert_eathquake_data_from_json
usgc; pr2019363124; 1; 30.12.2019 6:30:14; 17,894500000000001; -66,809799999999996; 3,2000000000000002; 6; 13; M 3.2 - 10km S of Indios, Puerto Rico; usgs-gov; 30.12.2019 7:44:35; 

30.12.2019 10:53:07
172.22.1.11
vizir_sfo
viz2.insert_eathquake_data_from_json
usgc; nc73321206; 1; 30.12.2019 6:15:00; 40,162166599999999; -124,1685028; 2,0099999999999998; 15,94; 13; M 2.0 - 17km NNW of Shelter Cove, CA; usgs-gov; 30.12.2019 9:17:02; 

30.12.2019 10:53:07
172.22.1.11
vizir_sfo
viz2.insert_eathquake_data_from_json
usgc; ci39016895; 1; 30.12.2019 6:02:26; 35,649666699999997; -117,45; 2,1400000000000001; 2,0099999999999998; 28; M 2.1 - 14km SSW of Searles Valley, CA; usgs-gov; 30.12.2019 6:13:33; 

30.12.2019 10:53:07
172.22.1.11
vizir_sfo
viz2.insert_eathquake_data_from_json
usgc; se60097123; 1; 30.12.2019 5:17:19; 35,420833299999998; -83,328666699999999; 2,1699999999999999; 0,12; 15; M 2.2 - 6km SSW of Cherokee, North Carolina; usgs-gov; 30.12.2019 7:56:05; 

30.12.2019 10:53:07
172.22.1.11
vizir_sfo
viz2.insert_eathquake_data_from_json
usgc; hv71308417; 1; 30.12.2019 5:05:35; 19,0725002; -155,23483279999999; 2,5699999999999998; 28,5; 51; M 2.6 - 29km ESE of Pahala, Hawaii; usgs-gov; 30.12.2019 5:11:14; 

30.12.2019 10:53:07
172.22.1.11
vizir_sfo
viz2.insert_eathquake_data_from_json
usgc; pr2019363117; 1; 30.12.2019 4:50:00; 17,907599999999999; -66,850800000000007; 2,7400000000000002; 7; 14; M 2.7 - 13km SSE of Guanica, Puerto Rico; usgs-gov; 30.12.2019 7:59:00; 

30.12.2019 10:53:07
172.22.1.11
vizir_sfo
viz2.insert_eathquake_data_from_json
usgc; ak019goos2hj; 1; 30.12.2019 4:33:00; 69,657300000000006; -144,30019999999999; 3,3999999999999999; 2,2999999999999998; 0; M 3.4 - 58km SSW of Kaktovik, Alaska; usgs-gov; 30.12.2019 7:09:30; 

30.12.2019 10:53:07
172.22.1.11
vizir_sfo
viz2.insert_eathquake_data_from_json
usgc; pr2019363106; 1; 30.12.2019 3:43:54; 17,911300000000001; -66,828999999999994; 2,6099999999999999; 7; 14; M 2.6 - 9km S of Indios, Puerto Rico; usgs-gov; 30.12.2019 4:38:24; 

30.12.2019 10:53:07
172.22.1.11
vizir_sfo
viz2.insert_eathquake_data_from_json
usgc; nc73321111; 1; 30.12.2019 3:21:30; 37,3796654; -119,02966309999999; 2,3199999999999998; 5,79; 23; M 2.3 - 29km S of Mammoth Lakes, CA; usgs-gov; 30.12.2019 4:20:02; 

30.12.2019 10:53:07
172.22.1.11
vizir_sfo
viz2.insert_eathquake_data_from_json
usgc; hv71308102; 1; 30.12.2019 2:09:21; 19,202833200000001; -155,431839; 2,1699999999999999; 36,18; 48; M 2.2 - 5km E of Pahala, Hawaii; usgs-gov; 30.12.2019 2:12:46; 

30.12.2019 10:53:07
172.22.1.11
vizir_sfo
viz2.insert_eathquake_data_from_json
usgc; ci39016735; 1; 30.12.2019 1:35:59; 33,463666699999997; -116,4383333; 2,0699999999999998; 7,2999999999999998; 75; M 2.1 - 24km NNW of Borrego Springs, CA; usgs-gov; 30.12.2019 1:39:53; 

30.12.2019 10:53:07
172.22.1.11
vizir_sfo
viz2.insert_eathquake_data_from_json
usgc; us70006s89; 1; 30.12.2019 1:24:41; -52,854399999999998; 11,352600000000001; 5,2999999999999998; 10; 0; M 5.3 - Southwest of Africa; usgs-gov; 30.12.2019 2:10:15; 

30.12.2019 10:53:07
172.22.1.11
vizir_sfo
viz2.insert_eathquake_data_from_json
usgc; us70006s85; 1; 30.12.2019 0:55:23; -22,325800000000001; -68,850999999999999; 4,2999999999999998; 112,63; 0; M 4.3 - 17km NNE of Calama, Chile; usgs-gov; 30.12.2019 2:19:58; 

30.12.2019 10:53:07
172.22.1.11
vizir_sfo
viz2.insert_eathquake_data_from_json
usgc; pr2019363055; 1; 30.12.2019 0:03:50; 17,903099999999998; -66,855500000000006; 3,3999999999999999; 3; 14; M 3.4 - 14km SSE of Guanica, Puerto Rico; usgs-gov; 30.12.2019 7:45:26; 

30.12.2019 10:53:07
172.22.1.11
vizir_sfo
viz2.insert_eathquake_data_from_json
usgc; ak019golxxej; 1; 29.12.2019 23:56:04; 66,332800000000006; -157,2433; 2,5; 1; 0; M 2.5 - 66km SSW of Kobuk, Alaska; usgs-gov; 30.12.2019 3:10:03; 

30.12.2019 10:53:07
172.22.1.11
vizir_sfo
viz2.insert_eathquake_data_from_json
usgc; us70006s7r; 1; 29.12.2019 23:29:20; 31,740500000000001; -104,14660000000001; 2,7000000000000002; 5; 0; M 2.7 - 52km W of Mentone, Texas; usgs-gov; 29.12.2019 23:57:54; 

30.12.2019 10:53:07
172.22.1.11
vizir_sfo
viz2.insert_eathquake_data_from_json
usgc; us70006s7s; 1; 29.12.2019 23:24:45; -6,3621999999999996; 154,94489999999999; 4,9000000000000004; 35; 0; M 4.9 - 59km W of Panguna, Papua New Guinea; usgs-gov; 29.12.2019 23:48:53; 

30.12.2019 10:53:07
172.22.1.11
vizir_sfo
viz2.insert_eathquake_data_from_json
usgc; us70006s7p; 1; 29.12.2019 23:06:25; 65,266499999999994; -163,00210000000001; 2,7999999999999998; 10; 0; M 2.8 - 142km NE of Nome, Alaska; usgs-gov; 30.12.2019 0:04:24; 

30.12.2019 10:53:07
172.22.1.11
vizir_sfo
viz2.insert_eathquake_data_from_json
usgc; se60271837; 1; 29.12.2019 23:01:24; 35,619999999999997; -84,301166699999996; 2,0600000000000001; 7,21; 7; M 2.1 - 6km WNW of Vonore, Tennessee; usgs-gov; 30.12.2019 8:01:33; 

30.12.2019 10:53:07
172.22.1.11
vizir_sfo
viz2.insert_eathquake_data_from_json
usgc; pr2019363045; 1; 29.12.2019 22:16:46; 17,9071; -66,882000000000005; 2,4900000000000002; 3; 13; M 2.5 - 12km SSE of Guanica, Puerto Rico; usgs-gov; 30.12.2019 0:30:37; 

30.12.2019 10:53:07
172.22.1.11
vizir_sfo
viz2.insert_eathquake_data_from_json
usgc; us70006s77; 1; 29.12.2019 21:39:27; 51,994; 153,60669999999999; 4,4000000000000004; 388,19999999999999; 0; M 4.4 - 208km WNW of Ozernovskiy, Russia; usgs-gov; 29.12.2019 22:23:50; 

30.12.2019 10:53:07
172.22.1.11
vizir_sfo
viz2.insert_eathquake_data_from_json
usgc; ak019gokn2ow; 1; 29.12.2019 21:37:44; 63,1081; -151,46530000000001; 2,7000000000000002; 1; 0; M 2.7 - 111km NW of Talkeetna, Alaska; usgs-gov; 29.12.2019 22:07:42; 

30.12.2019 10:53:07
172.22.1.11
vizir_sfo
viz2.insert_eathquake_data_from_json
usgc; ak019gokme19; 1; 29.12.2019 21:34:25; 59,520800000000001; -152,7166; 2; 79,5; 0; M 2.0 - 57km WSW of Anchor Point, Alaska; usgs-gov; 29.12.2019 21:46:33; 

30.12.2019 10:53:07
172.22.1.11
vizir_sfo
viz2.insert_eathquake_data_from_json
usgc; ak019goklqvi; 1; 29.12.2019 21:31:25; 58,854500000000002; -152,36539999999999; 2,6000000000000001; 36,799999999999997; 0; M 2.6 - 99km SSW of Homer, Alaska; usgs-gov; 30.12.2019 3:04:09; 

30.12.2019 10:53:07
172.22.1.11
vizir_sfo
viz2.insert_eathquake_data_from_json
usgc; us70006s70; 1; 29.12.2019 21:06:19; -24,312100000000001; -68,915199999999999; 4; 110,59; 0; M 4.0 - 167km ESE of Antofagasta, Chile; usgs-gov; 30.12.2019 3:02:23; 

30.12.2019 10:53:07
172.22.1.11
vizir_sfo
viz2.insert_eathquake_data_from_json
usgc; hv71307847; 1; 29.12.2019 21:05:37; 19,441667599999999; -155,30715939999999; 2,0299999999999998; 3,1400000000000001; 15; M 2.0 - 7km W of Volcano, Hawaii; usgs-gov; 29.12.2019 21:11:17; 

30.12.2019 10:53:07
172.22.1.11
vizir_sfo
viz2.insert_eathquake_data_from_json
usgc; ak019gokflmx; 1; 29.12.2019 21:02:57; 60,363700000000001; -152,03710000000001; 2,3999999999999999; 90,299999999999997; 0; M 2.4 - 40km W of Cohoe, Alaska; usgs-gov; 29.12.2019 21:12:01; 

30.12.2019 10:53:07
172.22.1.11
vizir_sfo
viz2.insert_eathquake_data_from_json
usgc; us70006s6z; 1; 29.12.2019 20:59:02; -5,5339; 151,7363; 5,0999999999999996; 35; 0; M 5.1 - 143km SSW of Kokopo, Papua New Guinea; usgs-gov; 29.12.2019 22:45:00; 

30.12.2019 10:53:07
172.22.1.11
vizir_sfo
viz2.insert_eathquake_data_from_json
usgc; us70006s6j; 1; 29.12.2019 20:18:06; 4,4090999999999996; 125,1504; 4,7000000000000002; 65,420000000000002; 0; M 4.7 - 115km SSW of Sarangani, Philippines; usgs-gov; 29.12.2019 21:11:18; 

30.12.2019 10:53:07
172.22.1.11
vizir_sfo
viz2.insert_eathquake_data_from_json
usgc; hv71307742; 1; 29.12.2019 19:37:12; 19,1796665; -155,44149780000001; 2,1000000000000001; 37,259999999999998; 46; M 2.1 - 4km SE of Pahala, Hawaii; usgs-gov; 29.12.2019 19:40:32; 

30.12.2019 10:53:07
172.22.1.11
vizir_sfo
viz2.insert_eathquake_data_from_json
usgc; us70006s64; 1; 29.12.2019 19:03:55; 4,6257000000000001; 125,3181; 4,7999999999999998; 49,649999999999999; 0; M 4.8 - 87km S of Sarangani, Philippines; usgs-gov; 29.12.2019 19:52:40; 

30.12.2019 10:53:07
172.22.1.11
vizir_sfo
viz2.insert_eathquake_data_from_json
usgc; pr2019363033; 1; 29.12.2019 18:26:44; 17,907299999999999; -66,825800000000001; 3,0099999999999998; 6; 13; M 3.0 - 9km S of Indios, Puerto Rico; usgs-gov; 29.12.2019 18:56:36; 

30.12.2019 10:53:07
172.22.1.11
vizir_sfo
viz2.insert_eathquake_data_from_json
usgc; us70006s5t; 1; 29.12.2019 18:25:23; 55,146700000000003; 160,6628; 4,5; 118,92; 0; M 4.5 - 151km SE of Esso, Russia; usgs-gov; 29.12.2019 20:13:21; 

30.12.2019 10:53:07
172.22.1.11
vizir_sfo
viz2.insert_eathquake_data_from_json
usgc; us70006s5q; 1; 29.12.2019 18:20:09; 40,322299999999998; 42,112099999999998; 4,4000000000000004; 10; 0; M 4.4 - 20km E of Narman, Turkey; usgs-gov; 29.12.2019 21:57:38; 

30.12.2019 10:53:07
172.22.1.11
vizir_sfo
viz2.insert_eathquake_data_from_json
usgc; pr2019363032; 1; 29.12.2019 18:19:10; 17,898; -66,867000000000004; 2,71; 6; 14; M 2.7 - 16km SSE of Guanica, Puerto Rico; usgs-gov; 29.12.2019 18:53:25; 

30.12.2019 10:53:07
172.22.1.11
vizir_sfo
viz2.insert_eathquake_data_from_json
usgc; hv71307677; 1; 29.12.2019 18:15:07; 19,513999900000002; -155,66667179999999; 2,1200000000000001; 2,4300000000000002; 49; M 2.1 - 21km ENE of Honaunau-Napoopoo, Hawaii; usgs-gov; 29.12.2019 18:20:47; 

30.12.2019 10:53:07
172.22.1.11
vizir_sfo
viz2.insert_eathquake_data_from_json
usgc; ak019goib8xs; 1; 29.12.2019 17:46:34; 63,058100000000003; -150,73339999999999; 2; 108,5; 0; M 2.0 - 87km NNW of Talkeetna, Alaska; usgs-gov; 29.12.2019 17:49:55; 

30.12.2019 10:53:07
172.22.1.11
vizir_sfo
viz2.insert_eathquake_data_from_json
usgc; hv71307642; 1; 29.12.2019 17:45:27; 19,187334100000001; -155,44833370000001; 2,0499999999999998; 36,630000000000003; 52; M 2.1 - 3km ESE of Pahala, Hawaii; usgs-gov; 29.12.2019 17:48:40; 

30.12.2019 10:53:07
172.22.1.11
vizir_sfo
viz2.insert_eathquake_data_from_json
usgc; us70006s5i; 1; 29.12.2019 17:22:07; 13,8109; -92,847800000000007; 4,4000000000000004; 10; 0; M 4.4 - 104km SW of Ocos, Guatemala; usgs-gov; 29.12.2019 19:03:05; 

30.12.2019 10:53:07
172.22.1.11
vizir_sfo
viz2.insert_eathquake_data_from_json
usgc; ak019goi2u8a; 1; 29.12.2019 17:07:11; 60,387099999999997; -143,749; 2; 2; 0; M 2.0 - 81km WNW of Cape Yakataga, Alaska; usgs-gov; 29.12.2019 17:18:09; 

30.12.2019 10:53:07
172.22.1.11
vizir_sfo
viz2.insert_eathquake_data_from_json
usgc; ak019goi2u8m; 1; 29.12.2019 17:07:09; 55,426699999999997; -162,98910000000001; 2,8999999999999999; 197,09999999999999; 0; M 2.9 - 31km NNW of Cold Bay, Alaska; usgs-gov; 29.12.2019 17:15:57; 

30.12.2019 10:53:07
172.22.1.11
vizir_sfo
viz2.insert_eathquake_data_from_json
usgc; hv71307602; 1; 29.12.2019 17:01:53; 19,133832900000002; -155,375; 2,1200000000000001; 36,18; 35; M 2.1 - 13km SE of Pahala, Hawaii; usgs-gov; 29.12.2019 17:04:58; 

30.12.2019 10:53:07
172.22.1.11
vizir_sfo
viz2.insert_eathquake_data_from_json
usgc; hv71307512; 1; 29.12.2019 16:16:39; 19,521165799999999; -155,6568298; 2,0800000000000001; -2,6899999999999999; 33; M 2.1 - 22km ENE of Honaunau-Napoopoo, Hawaii; usgs-gov; 29.12.2019 16:19:59; 

30.12.2019 10:53:07
172.22.1.11
vizir_sfo
viz2.insert_eathquake_data_from_json
usgc; us70006s54; 1; 29.12.2019 16:12:14; 4,6440999999999999; 125,3147; 5,2000000000000002; 10; 0; M 5.2 - 85km S of Sarangani, Philippines; usgs-gov; 29.12.2019 16:29:50; 

30.12.2019 10:53:07
172.22.1.11
vizir_sfo
viz2.insert_eathquake_data_from_json
usgc; hv71307497; 1; 29.12.2019 16:09:45; 19,509332700000002; -155,66183470000001; 2,7200000000000002; 0,55000000000000004; 50; M 2.7 - 22km ENE of Honaunau-Napoopoo, Hawaii; usgs-gov; 29.12.2019 16:33:16; 

30.12.2019 10:53:07
172.22.1.11
vizir_sfo
viz2.insert_eathquake_data_from_json
usgc; ak019goh1r3s; 1; 29.12.2019 15:34:07; 61,242600000000003; -140,94239999999999; 2; 0; 0; M 2.0 - 154km NNE of Cape Yakataga, Alaska; usgs-gov; 29.12.2019 15:45:37; 

30.12.2019 10:53:07
172.22.1.11
vizir_sfo
viz2.insert_eathquake_data_from_json
usgc; ak019gogy41a; 1; 29.12.2019 15:17:09; 60,653199999999998; -150,30850000000001; 2; 43,399999999999999; 0; M 2.0 - 28km ENE of Sterling, Alaska; usgs-gov; 29.12.2019 15:21:49; 

30.12.2019 10:53:07
172.22.1.11
vizir_sfo
viz2.insert_eathquake_data_from_json
usgc; ak019gogw8o8; 1; 29.12.2019 15:08:37; 61,350000000000001; -150,2594; 2,6000000000000001; 35,399999999999999; 0; M 2.6 - 24km NW of Anchorage, Alaska; usgs-gov; 30.12.2019 2:24:38; 

30.12.2019 10:53:07
172.22.1.11
vizir_sfo
viz2.insert_eathquake_data_from_json
usgc; ak019gogvqrz; 1; 29.12.2019 15:06:04; 63,265700000000002; -150,50710000000001; 2; 135; 0; M 2.0 - 79km W of Cantwell, Alaska; usgs-gov; 29.12.2019 15:12:26; 

30.12.2019 10:53:07
172.22.1.11
vizir_sfo
viz2.insert_eathquake_data_from_json
usgc; pr2019363019; 1; 29.12.2019 14:57:58; 17,882999999999999; -66,849800000000002; 2,7400000000000002; 6; 12; M 2.7 - 11km SSE of Guanica, Puerto Rico; usgs-gov; 29.12.2019 15:26:24; 

30.12.2019 10:53:07
172.22.1.11
vizir_sfo
viz2.insert_eathquake_data_from_json
usgc; pr2019363018; 1; 29.12.2019 14:20:27; 17,91; -66,862300000000005; 2,5899999999999999; 5; 12; M 2.6 - 8km SE of Guanica, Puerto Rico; usgs-gov; 29.12.2019 18:25:31; 

30.12.2019 10:53:07
172.22.1.11
vizir_sfo
viz2.insert_eathquake_data_from_json
usgc; pr2019363128; 1; 29.12.2019 14:08:52; 17,919499999999999; -66,876599999999996; 2,3700000000000001; 6; 8; M 2.4 - 6km SSE of Guanica, Puerto Rico; usgs-gov; 30.12.2019 8:28:31; 

30.12.2019 10:53:07
172.22.1.11
vizir_sfo
viz2.insert_eathquake_data_from_json
usgc; pr2019363123; 1; 29.12.2019 13:53:08; 19,261500000000002; -67,582499999999996; 2,48; 24; 6; M 2.5 - 99km NNW of San Antonio, Puerto Rico; usgs-gov; 30.12.2019 7:00:21; 

30.12.2019 10:53:07
172.22.1.11
vizir_sfo
viz2.insert_eathquake_data_from_json
usgc; pr2019363105; 1; 29.12.2019 13:35:12; 17,896100000000001; -66,587000000000003; 2,2200000000000002; 11; 9; M 2.2 - 13km SSE of Ponce, Puerto Rico; usgs-gov; 30.12.2019 5:29:26; 

30.12.2019 10:53:07
172.22.1.11
vizir_sfo
viz2.insert_eathquake_data_from_json
usgc; us70006s4e; 1; 29.12.2019 13:34:25; 3,1423999999999999; 123,8263; 4,5; 414,47000000000003; 0; M 4.5 - 215km NNW of Manado, Indonesia; usgs-gov; 29.12.2019 14:06:02; 

30.12.2019 10:53:07
172.22.1.11
vizir_sfo
viz2.insert_eathquake_data_from_json
usgc; us70006s4c; 1; 29.12.2019 13:33:40; -21,078600000000002; -67,694699999999997; 4,0999999999999996; 219,41; 0; M 4.1 - 113km SW of Uyuni, Bolivia; usgs-gov; 29.12.2019 14:18:56; 

30.12.2019 10:53:07
172.22.1.11
vizir_sfo
viz2.insert_eathquake_data_from_json
usgc; pr2019363017; 1; 29.12.2019 13:33:10; 17,923100000000002; -66,871799999999993; 2,7400000000000002; 6; 14; M 2.7 - 6km SE of Guanica, Puerto Rico; usgs-gov; 29.12.2019 14:59:24; 

30.12.2019 10:53:07
172.22.1.11
vizir_sfo
viz2.insert_eathquake_data_from_json
usgc; pr2019363016; 1; 29.12.2019 13:28:49; 17,9163; -66,881500000000003; 2,9399999999999999; 5; 14; M 2.9 - 13km SSE of Guanica, Puerto Rico; usgs-gov; 29.12.2019 16:19:32; 

30.12.2019 10:53:07
172.22.1.11
vizir_sfo
viz2.insert_eathquake_data_from_json
usgc; pr2019363121; 1; 29.12.2019 13:21:29; 17,814299999999999; -66,953000000000003; 2,02; 6; 3; M 2.0 - 18km SSW of Guanica, Puerto Rico; usgs-gov; 30.12.2019 5:44:05; 

30.12.2019 10:53:07
172.22.1.11
vizir_sfo
viz2.insert_eathquake_data_from_json
usgc; us70006s47; 1; 29.12.2019 13:08:46; 31,6448; -104,31319999999999; 2,8999999999999999; 5; 0; M 2.9 - 68km W of Mentone, Texas; usgs-gov; 29.12.2019 13:32:30; 

30.12.2019 10:53:07
172.22.1.11
vizir_sfo
viz2.insert_eathquake_data_from_json
usgc; pr2019363122; 1; 29.12.2019 12:56:47; 17,892499999999998; -66,828500000000005; 2,46; 6; 12; M 2.5 - 11km S of Indios, Puerto Rico; usgs-gov; 30.12.2019 5:54:20; 

30.12.2019 10:53:07
172.22.1.11
vizir_sfo
viz2.insert_eathquake_data_from_json
usgc; pr2019363015; 1; 29.12.2019 12:55:19; 17,920999999999999; -66,856999999999999; 2,3999999999999999; 4; 12; M 2.4 - 7km SE of Guanica, Puerto Rico; usgs-gov; 29.12.2019 14:55:37; 

30.12.2019 10:53:07
172.22.1.11
vizir_sfo
viz2.insert_eathquake_data_from_json
usgc; pr2019363010; 1; 29.12.2019 12:49:07; 17,925000000000001; -66,863; 3,5499999999999998; 4; 14; M 3.6 - 12km SE of Guanica, Puerto Rico; usgs-gov; 30.12.2019 0:18:27; 

30.12.2019 10:53:07
172.22.1.11
vizir_sfo
viz2.insert_eathquake_data_from_json
usgc; pr2019363119; 1; 29.12.2019 12:46:55; 17,901599999999998; -66,862499999999997; 2,02; 7; 5; M 2.0 - 8km SSE of Maria Antonia, Puerto Rico; usgs-gov; 30.12.2019 5:53:55; 

30.12.2019 10:53:07
172.22.1.11
vizir_sfo
viz2.insert_eathquake_data_from_json
usgc; ak019gofaid2; 1; 29.12.2019 12:39:01; 58,957700000000003; -154,41919999999999; 2,7000000000000002; 129,40000000000001; 0; M 2.7 - 92km SSE of Old Iliamna, Alaska; usgs-gov; 29.12.2019 12:44:06; 

30.12.2019 10:53:07
172.22.1.11
vizir_sfo
viz2.insert_eathquake_data_from_json
usgc; pr2019363103; 1; 29.12.2019 12:36:45; 17,878; -66,829099999999997; 2,2000000000000002; 11; 11; M 2.2 - 12km S of Indios, Puerto Rico; usgs-gov; 30.12.2019 3:53:17; 

30.12.2019 10:53:07
172.22.1.11
vizir_sfo
viz2.insert_eathquake_data_from_json
usgc; pr2019363108; 1; 29.12.2019 12:24:20; 17,903500000000001; -66,834800000000001; 2,04; 5; 6; M 2.0 - 10km SE of Guanica, Puerto Rico; usgs-gov; 30.12.2019 4:28:46; 

30.12.2019 10:53:07
172.22.1.11
vizir_sfo
viz2.insert_eathquake_data_from_json
usgc; pr2019363097; 1; 29.12.2019 12:06:50; 17,904299999999999; -66,870999999999995; 2,0899999999999999; 8; 3; M 2.1 - 8km SSE of Guanica, Puerto Rico; usgs-gov; 30.12.2019 3:11:54; 

30.12.2019 10:53:07
172.22.1.11
vizir_sfo
viz2.insert_eathquake_data_from_json
usgc; pr2019363090; 1; 29.12.2019 11:59:07; 18,2623; -66,916499999999999; 2,02; 8; 3; M 2.0 - 5km SW of Lares, Puerto Rico; usgs-gov; 30.12.2019 2:54:39; 

30.12.2019 10:53:07
172.22.1.11
vizir_sfo
viz2.insert_eathquake_data_from_json
usgc; pr2019363075; 1; 29.12.2019 11:40:27; 19,270600000000002; -67,841099999999997; 3,1099999999999999; 10; 7; M 3.1 - 96km NE of Punta Cana, Dominican Republic; usgs-gov; 30.12.2019 2:14:03; 

30.12.2019 10:53:07
172.22.1.11
vizir_sfo
viz2.insert_eathquake_data_from_json
usgc; ci39016183; 1; 29.12.2019 11:39:16; 33,933333300000001; -117,86450000000001; 2,0699999999999998; 4,25; 73; M 2.1 - 4km ENE of Brea, CA; usgs-gov; 30.12.2019 4:03:38; 

30.12.2019 10:53:07
172.22.1.11
vizir_sfo
viz2.insert_eathquake_data_from_json
usgc; ak019goemir8; 1; 29.12.2019 11:27:09; 61,641399999999997; -150,90809999999999; 2,7000000000000002; 48,899999999999999; 0; M 2.7 - 47km WSW of Willow, Alaska; usgs-gov; 29.12.2019 12:06:53; 

30.12.2019 10:53:07
172.22.1.11
vizir_sfo
viz2.insert_eathquake_data_from_json
usgc; pr2019363092; 1; 29.12.2019 11:21:11; 17,909500000000001; -66,888300000000001; 2,1000000000000001; 6; 8; M 2.1 - 7km SSE of Guanica, Puerto Rico; usgs-gov; 30.12.2019 3:37:31; 

30.12.2019 10:53:07
172.22.1.11
vizir_sfo
viz2.insert_eathquake_data_from_json
usgc; pr2019363089; 1; 29.12.2019 11:17:22; 18,0945; -66,634799999999998; 2,1099999999999999; 14; 4; M 2.1 - 8km NE of Tallaboa Alta, Puerto Rico; usgs-gov; 30.12.2019 3:36:13; 

30.12.2019 10:53:07
172.22.1.11
vizir_sfo
viz2.insert_eathquake_data_from_json
usgc; pr2019363084; 1; 29.12.2019 11:12:12; 17,827300000000001; -66,980000000000004; 2,1899999999999999; 15; 3; M 2.2 - 17km SSW of Guanica, Puerto Rico; usgs-gov; 30.12.2019 3:36:00; 

30.12.2019 10:53:07
172.22.1.11
vizir_sfo
viz2.insert_eathquake_data_from_json
usgc; ak019goeh8a8; 1; 29.12.2019 11:02:41; 60,9985; -150,2972; 2,1000000000000001; 31,399999999999999; 0; M 2.1 - 32km SW of Anchorage, Alaska; usgs-gov; 29.12.2019 11:12:05; 

30.12.2019 10:53:07
172.22.1.11
vizir_sfo
viz2.insert_eathquake_data_from_json
usgc; pr2019363014; 1; 29.12.2019 10:58:00; 17,917000000000002; -66,832599999999999; 2,9399999999999999; 6; 11; M 2.9 - 8km S of Indios, Puerto Rico; usgs-gov; 29.12.2019 14:28:21; 

30.12.2019 10:53:07
172.22.1.11
vizir_sfo
viz2.insert_eathquake_data_from_json
usgc; pr2019363081; 1; 29.12.2019 10:40:59; 17,908300000000001; -66,871300000000005; 2,1200000000000001; 6; 9; M 2.1 - 7km SSE of Maria Antonia, Puerto Rico; usgs-gov; 30.12.2019 3:07:28; 

30.12.2019 10:53:07
172.22.1.11
vizir_sfo
viz2.insert_eathquake_data_from_json
usgc; pr2019363078; 1; 29.12.2019 10:40:03; 17,936800000000002; -66,842500000000001; 2,1699999999999999; 5; 6; M 2.2 - 6km SSW of Indios, Puerto Rico; usgs-gov; 30.12.2019 3:07:09; 

30.12.2019 10:53:07
172.22.1.11
vizir_sfo
viz2.insert_eathquake_data_from_json
usgc; ak019goe30s9; 1; 29.12.2019 10:36:13; 60,326300000000003; -137,9538; 2,5; 0; 0; M 2.5 - 53km SSW of Haines Junction, Canada; usgs-gov; 29.12.2019 10:45:48; 

30.12.2019 10:53:07
172.22.1.11
vizir_sfo
viz2.insert_eathquake_data_from_json
usgc; pr2019363067; 1; 29.12.2019 10:31:13; 17,901800000000001; -66,828599999999994; 2,77; 5; 6; M 2.8 - 10km S of Indios, Puerto Rico; usgs-gov; 30.12.2019 3:07:00; 

30.12.2019 10:53:07
172.22.1.11
vizir_sfo
viz2.insert_eathquake_data_from_json
usgc; pr2019363062; 1; 29.12.2019 10:28:02; 17,927600000000002; -66,831599999999995; 2,1299999999999999; 7; 6; M 2.1 - 7km S of Indios, Puerto Rico; usgs-gov; 30.12.2019 3:11:58; 

30.12.2019 10:53:07
172.22.1.11
vizir_sfo
viz2.insert_eathquake_data_from_json
usgc; ak019godxwgv; 1; 29.12.2019 10:12:23; 60,155299999999997; -151,43469999999999; 2; 55,200000000000003; 0; M 2.0 - 24km SSW of Cohoe, Alaska; usgs-gov; 29.12.2019 10:25:13; 

30.12.2019 10:53:07
172.22.1.11
vizir_sfo
viz2.insert_eathquake_data_from_json
usgc; pr2019363068; 1; 29.12.2019 10:04:17; 17,892499999999998; -66,834599999999995; 2,1600000000000001; 5; 5; M 2.2 - 11km SE of Guanica, Puerto Rico; usgs-gov; 30.12.2019 2:22:57; 

30.12.2019 10:53:07
172.22.1.11
vizir_sfo
viz2.insert_eathquake_data_from_json
usgc; pr2019363066; 1; 29.12.2019 10:02:45; 17,878599999999999; -66,823999999999998; 2,1000000000000001; 4; 6; M 2.1 - 12km S of Indios, Puerto Rico; usgs-gov; 30.12.2019 2:22:40; 

30.12.2019 10:53:07
172.22.1.11
vizir_sfo
viz2.insert_eathquake_data_from_json
usgc; pr2019363042; 1; 29.12.2019 9:58:26; 17,911799999999999; -66,888099999999994; 2,04; 7; 9; M 2.0 - 6km SSE of Guanica, Puerto Rico; usgs-gov; 29.12.2019 20:58:31; 

30.12.2019 10:53:07
172.22.1.11
vizir_sfo
viz2.insert_eathquake_data_from_json
usgc; pr2019363041; 1; 29.12.2019 9:56:40; 17,9038; -66,849999999999994; 2,21; 7; 11; M 2.2 - 9km SE of Guanica, Puerto Rico; usgs-gov; 29.12.2019 20:57:55; 

30.12.2019 10:53:07
172.22.1.11
vizir_sfo
viz2.insert_eathquake_data_from_json
usgc; ci39016127; 1; 29.12.2019 9:55:18; 35,824333299999999; -117,70283329999999; 2,2000000000000002; 2,2799999999999998; 33; M 2.2 - 22km NNE of Inyokern, CA; usgs-gov; 29.12.2019 9:58:59; 

30.12.2019 10:53:07
172.22.1.11
vizir_sfo
viz2.insert_eathquake_data_from_json
usgc; pr2019363040; 1; 29.12.2019 9:55:08; 17,9236; -66,877799999999993; 2,5499999999999998; 6; 9; M 2.6 - 6km SSE of Guanica, Puerto Rico; usgs-gov; 29.12.2019 20:57:48; 

30.12.2019 10:53:07
172.22.1.11
vizir_sfo
viz2.insert_eathquake_data_from_json
usgc; pr2019363038; 1; 29.12.2019 9:50:42; 17,904599999999999; -66,820800000000006; 2,5; 6; 5; M 2.5 - 9km S of Indios, Puerto Rico; usgs-gov; 29.12.2019 20:56:04; 

30.12.2019 10:53:07
172.22.1.11
vizir_sfo
viz2.insert_eathquake_data_from_json
usgc; pr2019363012; 1; 29.12.2019 9:43:01; 17,942499999999999; -66,8626; 3,0499999999999998; 4; 14; M 3.1 - 4km SE of Maria Antonia, Puerto Rico; usgs-gov; 29.12.2019 14:08:49; 

30.12.2019 10:53:07
172.22.1.11
vizir_sfo
viz2.insert_eathquake_data_from_json
usgc; pr2019363013; 1; 29.12.2019 9:37:49; 17,879300000000001; -66,824600000000004; 2,8199999999999998; 6; 14; M 2.8 - 12km S of Indios, Puerto Rico; usgs-gov; 29.12.2019 14:25:48; 

30.12.2019 10:53:07
172.22.1.11
vizir_sfo
viz2.insert_eathquake_data_from_json
usgc; pr2019363011; 1; 29.12.2019 9:30:57; 17,912299999999998; -66,875; 2,8199999999999998; 6; 14; M 2.8 - 7km SSE of Guanica, Puerto Rico; usgs-gov; 29.12.2019 14:26:02; 

30.12.2019 10:53:07
172.22.1.11
vizir_sfo
viz2.insert_eathquake_data_from_json
usgc; pr2019363029; 1; 29.12.2019 9:25:31; 17,8735; -66,856099999999998; 2,3900000000000001; 7; 5; M 2.4 - 12km SSE of Guanica, Puerto Rico; usgs-gov; 29.12.2019 20:52:03; 

30.12.2019 10:53:07
172.22.1.11
vizir_sfo
viz2.insert_eathquake_data_from_json
usgc; pr2019363063; 1; 29.12.2019 9:21:05; 17,9008; -66,855099999999993; 2,27; 6; 5; M 2.3 - 9km SE of Guanica, Puerto Rico; usgs-gov; 30.12.2019 1:46:00; 

30.12.2019 10:53:07
172.22.1.11
vizir_sfo
viz2.insert_eathquake_data_from_json
usgc; ak019goddtht; 1; 29.12.2019 9:18:52; 61,041800000000002; -149,91480000000001; 2,3999999999999999; 19,899999999999999; 0; M 2.4 - 19km S of Anchorage, Alaska; usgs-gov; 29.12.2019 9:23:09; 

30.12.2019 10:53:07
172.22.1.11
vizir_sfo
viz2.insert_eathquake_data_from_json
usgc; pr2019363056; 1; 29.12.2019 9:14:29; 17,8048; -66,843999999999994; 2,04; 16; 3; M 2.0 - 19km SSE of Guanica, Puerto Rico; usgs-gov; 30.12.2019 5:18:41; 

30.12.2019 10:53:07
172.22.1.11
vizir_sfo
viz2.insert_eathquake_data_from_json
usgc; pr2019363054; 1; 29.12.2019 9:11:39; 17,895600000000002; -66,834000000000003; 2,1400000000000001; 13; 5; M 2.1 - 10km SSE of Maria Antonia, Puerto Rico; usgs-gov; 30.12.2019 1:41:54; 

30.12.2019 10:53:07
172.22.1.11
vizir_sfo
viz2.insert_eathquake_data_from_json
usgc; pr2019363009; 1; 29.12.2019 9:02:06; 17,915600000000001; -66,822500000000005; 2,73; 6; 11; M 2.7 - 8km S of Indios, Puerto Rico; usgs-gov; 29.12.2019 13:37:37; 

30.12.2019 10:53:07
172.22.1.11
vizir_sfo
viz2.insert_eathquake_data_from_json
usgc; nc73320921; 1; 29.12.2019 9:01:54; 36,584667199999998; -121,1778336; 2,0600000000000001; 2,98; 19; M 2.1 - 7km NNW of Pinnacles, CA; usgs-gov; 29.12.2019 10:42:02; 

30.12.2019 10:53:07
172.22.1.11
vizir_sfo
viz2.insert_eathquake_data_from_json
usgc; pr2019363057; 1; 29.12.2019 8:58:44; 17,9161; -66,875299999999996; 2,1899999999999999; 5; 7; M 2.2 - 7km SSE of Guanica, Puerto Rico; usgs-gov; 30.12.2019 1:35:46; 

30.12.2019 10:53:07
172.22.1.11
vizir_sfo
viz2.insert_eathquake_data_from_json
usgc; pr2019363053; 1; 29.12.2019 8:56:43; 17,908799999999999; -66,820300000000003; 2,5099999999999998; 5; 11; M 2.5 - 9km S of Indios, Puerto Rico; usgs-gov; 30.12.2019 1:35:29; 

30.12.2019 10:53:07
172.22.1.11
vizir_sfo
viz2.insert_eathquake_data_from_json
usgc; pr2019363051; 1; 29.12.2019 8:52:26; 17,929500000000001; -66,870099999999994; 2,3900000000000001; 6; 10; M 2.4 - 5km SSE of Maria Antonia, Puerto Rico; usgs-gov; 29.12.2019 23:29:56; 

30.12.2019 10:53:07
172.22.1.11
vizir_sfo
viz2.insert_eathquake_data_from_json
usgc; hv71307052; 1; 29.12.2019 8:50:15; 19,184333800000001; -155,46665949999999; 2,02; 35,130000000000003; 46; M 2.0 - 2km SSE of Pahala, Hawaii; usgs-gov; 29.12.2019 8:53:23; 

30.12.2019 10:53:07
172.22.1.11
vizir_sfo
viz2.insert_eathquake_data_from_json
usgc; nc73320906; 1; 29.12.2019 8:46:40; 38,086334200000003; -118,8363342; 2,79; 3,4700000000000002; 33; M 2.8 - 21km SE of Bodie, CA; usgs-gov; 30.12.2019 9:08:06; 

30.12.2019 10:53:07
172.22.1.11
vizir_sfo
viz2.insert_eathquake_data_from_json
usgc; us70006s2x; 1; 29.12.2019 8:44:25; 29,317399999999999; 143,05719999999999; 4,9000000000000004; 10; 0; M 4.9 - 260km NNE of Chichi-shima, Japan; usgs-gov; 29.12.2019 9:17:47; 

30.12.2019 10:53:07
172.22.1.11
vizir_sfo
viz2.insert_eathquake_data_from_json
usgc; hv71307037; 1; 29.12.2019 8:44:14; 19,194000200000001; -155,46183780000001; 2,0499999999999998; 36,219999999999999; 45; M 2.1 - 2km ESE of Pahala, Hawaii; usgs-gov; 29.12.2019 8:47:28; 

30.12.2019 10:53:07
172.22.1.11
vizir_sfo
viz2.insert_eathquake_data_from_json
usgc; pr2019363044; 1; 29.12.2019 8:38:26; 17,885100000000001; -66,823800000000006; 2,1600000000000001; 4; 3; M 2.2 - 12km S of Indios, Puerto Rico; usgs-gov; 29.12.2019 23:20:34; 

30.12.2019 10:53:07
172.22.1.11
vizir_sfo
viz2.insert_eathquake_data_from_json
usgc; hv71307022; 1; 29.12.2019 8:37:02; 19,408000900000001; -155,2478333; 2,3599999999999999; 1,6599999999999999; 8; M 2.4 - 2km SSW of Volcano, Hawaii; usgs-gov; 29.12.2019 8:42:40; 

30.12.2019 10:53:07
172.22.1.11
vizir_sfo
viz2.insert_eathquake_data_from_json
usgc; pr2019363008; 1; 29.12.2019 8:33:21; 17,933800000000002; -66,878; 2,8599999999999999; 6; 13; M 2.9 - 5km SE of Guanica, Puerto Rico; usgs-gov; 29.12.2019 13:33:55; 

30.12.2019 10:53:07
172.22.1.11
vizir_sfo
viz2.insert_eathquake_data_from_json
usgc; pr2019363034; 1; 29.12.2019 8:25:49; 17,764399999999998; -66,463300000000004; 2,3199999999999998; 17; 6; M 2.3 - 23km SSW of Santa Isabel, Puerto Rico; usgs-gov; 29.12.2019 20:12:21; 

30.12.2019 10:53:07
172.22.1.11
vizir_sfo
viz2.insert_eathquake_data_from_json
usgc; pr2019363003; 1; 29.12.2019 8:21:14; 17,930800000000001; -66,836299999999994; 4,7000000000000002; 3; 17; M 4.7 - 11km S of Indios, Puerto Rico; usgs-gov; 30.12.2019 0:34:30; 

30.12.2019 10:53:07
172.22.1.11
vizir_sfo
viz2.insert_eathquake_data_from_json
usgc; us70006s2g; 1; 29.12.2019 8:13:25; -0,49790000000000001; -91,253; 4,5; 10; 0; M 4.5 - 59km NNW of Puerto Villamil, Ecuador; usgs-gov; 29.12.2019 9:38:39; 

30.12.2019 10:53:07
172.22.1.11
vizir_sfo
viz2.insert_eathquake_data_from_json
usgc; pr2019363028; 1; 29.12.2019 8:10:13; 17,902999999999999; -66,8566; 2,0699999999999998; 7; 6; M 2.1 - 9km SE of Guanica, Puerto Rico; usgs-gov; 29.12.2019 20:09:50; 

30.12.2019 10:53:07
172.22.1.11
vizir_sfo
viz2.insert_eathquake_data_from_json
usgc; pr2019363023; 1; 29.12.2019 8:07:41; 17,909300000000002; -66,853499999999997; 2,3900000000000001; 5; 14; M 2.4 - 8km SE of Guanica, Puerto Rico; usgs-gov; 29.12.2019 20:09:08; 

30.12.2019 10:53:07
172.22.1.11
vizir_sfo
viz2.insert_eathquake_data_from_json
usgc; pr2019363002; 1; 29.12.2019 8:06:00; 17,884599999999999; -66,864000000000004; 5; 6; 18; M 5.0 - 10km S of Indios, Puerto Rico; usgs-gov; 30.12.2019 9:38:26; 

30.12.2019 10:53:07
172.22.1.11
vizir_sfo
viz2.insert_eathquake_data_from_json
usgc; pr2019363007; 1; 29.12.2019 7:50:34; 17,901800000000001; -66,870800000000003; 2,8300000000000001; 4; 14; M 2.8 - 8km SSE of Guanica, Puerto Rico; usgs-gov; 29.12.2019 17:15:14; 

30.12.2019 10:53:07
172.22.1.11
vizir_sfo
viz2.insert_eathquake_data_from_json
usgc; pr2019363021; 1; 29.12.2019 7:40:52; 17,915099999999999; -66,845799999999997; 2,2000000000000002; 6; 6; M 2.2 - 8km SSE of Maria Antonia, Puerto Rico; usgs-gov; 29.12.2019 17:15:33; 

30.12.2019 10:53:07
172.22.1.11
vizir_sfo
viz2.insert_eathquake_data_from_json
usgc; pr2019363020; 1; 29.12.2019 7:36:30; 17,950099999999999; -66,856499999999997; 2,8900000000000001; 6; 12; M 2.9 - 4km SE of Maria Antonia, Puerto Rico; usgs-gov; 29.12.2019 17:15:00; 

30.12.2019 10:53:07
172.22.1.11
vizir_sfo
viz2.insert_eathquake_data_from_json
usgc; pr2019363001; 1; 29.12.2019 7:34:01; 17,933800000000002; -66,853499999999997; 3,5; 6; 14; M 3.5 - 12km SE of Guanica, Puerto Rico; usgs-gov; 30.12.2019 0:11:28; 

30.12.2019 10:53:07
172.22.1.11
vizir_sfo
viz2.insert_eathquake_data_from_json
usgc; pr2019363006; 1; 29.12.2019 7:16:50; 17,93; -66,874799999999993; 2,6000000000000001; 6; 14; M 2.6 - 5km SE of Guanica, Puerto Rico; usgs-gov; 29.12.2019 12:34:38; 

30.12.2019 10:53:07
172.22.1.11
vizir_sfo
viz2.insert_eathquake_data_from_json
usgc; us70006s1l; 1; 29.12.2019 7:11:11; -14,912100000000001; -71,902699999999996; 4,5999999999999996; 133,31; 0; M 4.6 - 55km SSE of Santo Tomas, Peru; usgs-gov; 29.12.2019 7:34:00; 

30.12.2019 10:53:07
172.22.1.11
vizir_sfo
viz2.insert_eathquake_data_from_json
usgc; pr2019363024; 1; 29.12.2019 7:07:11; 17,885300000000001; -66,842600000000004; 2,0699999999999998; 6; 3; M 2.1 - 11km SE of Guanica, Puerto Rico; usgs-gov; 29.12.2019 17:17:09; 

30.12.2019 10:53:07
172.22.1.11
vizir_sfo
viz2.insert_eathquake_data_from_json
usgc; pr2019363000; 1; 29.12.2019 7:06:39; 17,924299999999999; -66,841800000000006; 3,8599999999999999; 6; 15; M 3.9 - 13km S of Indios, Puerto Rico; usgs-gov; 30.12.2019 0:10:38; 

30.12.2019 10:53:07
172.22.1.11
vizir_sfo
viz2.insert_eathquake_data_from_json
usgc; pr2019363005; 1; 29.12.2019 7:05:35; 17,898299999999999; -66,848600000000005; 2,4100000000000001; 6; 11; M 2.4 - 9km SSE of Maria Antonia, Puerto Rico; usgs-gov; 29.12.2019 12:31:54; 

30.12.2019 10:53:07
172.22.1.11
vizir_sfo
viz2.insert_eathquake_data_from_json
usgc; pr2019363004; 1; 29.12.2019 7:00:20; 17,898800000000001; -66,860600000000005; 2,6200000000000001; 6; 13; M 2.6 - 9km SSE of Guanica, Puerto Rico; usgs-gov; 29.12.2019 11:42:29; 

